2023-10-05T15:29:34.714Z [uploadje] info: GET /
2023-10-05T15:29:34.715Z [uploadje] info: Health check
2023-10-05T15:29:39.457Z [uploadje] info: GET /
2023-10-05T15:29:39.458Z [uploadje] info: Health check
2023-10-05T15:35:17.259Z [uploadje] info: GET /
2023-10-05T15:35:17.261Z [uploadje] info: Health check
2023-10-07T14:43:15.565Z [uploadje] info: POST /v1/auth/login
2023-10-07T14:43:15.753Z [uploadje] error: Incorrect password
2023-10-07T14:43:18.949Z [uploadje] info: POST /v1/auth/login
2023-10-07T14:43:19.052Z [uploadje] error: Incorrect password
2023-10-07T14:43:20.679Z [uploadje] info: POST /v1/auth/login
2023-10-07T14:43:20.799Z [uploadje] info: GET /v1/me
2023-10-07T14:43:20.806Z [uploadje] info: GET /v1/me
2023-10-07T14:43:20.837Z [uploadje] info: GET /v1/me
2023-10-07T14:43:20.839Z [uploadje] info: GET /v1/app
2023-10-07T14:43:21.899Z [uploadje] info: GET /v1/me
2023-10-07T14:43:21.900Z [uploadje] info: GET /v1/app
2023-10-07T14:44:47.632Z [uploadje] info: GET /v1/app
2023-10-07T14:44:55.901Z [uploadje] info: POST /v1/auth/login
2023-10-07T14:44:56.004Z [uploadje] error: Incorrect password
2023-10-07T14:44:56.388Z [uploadje] info: POST /v1/auth/login
2023-10-07T14:44:56.506Z [uploadje] info: GET /v1/me
2023-10-07T14:44:56.513Z [uploadje] info: GET /v1/me
2023-10-07T14:44:56.538Z [uploadje] info: GET /v1/me
2023-10-07T14:44:56.539Z [uploadje] info: GET /v1/app
2023-10-07T14:44:57.359Z [uploadje] info: GET /v1/me
2023-10-07T14:44:57.362Z [uploadje] info: GET /v1/app
2023-10-07T14:46:41.552Z [uploadje] info: GET /v1/app
2023-10-07T14:46:48.677Z [uploadje] info: POST /v1/auth/login
2023-10-07T14:46:48.804Z [uploadje] info: GET /v1/me
2023-10-07T14:46:48.811Z [uploadje] info: GET /v1/me
2023-10-07T14:46:48.837Z [uploadje] info: GET /v1/app
2023-10-07T14:46:48.838Z [uploadje] info: GET /v1/me
2023-10-07T14:46:49.650Z [uploadje] info: GET /v1/me
2023-10-07T14:46:49.651Z [uploadje] info: GET /v1/app
2023-10-07T14:47:40.126Z [uploadje] info: GET /v1/me
2023-10-07T14:47:40.158Z [uploadje] info: GET /v1/app
2023-10-07T14:47:40.732Z [uploadje] info: GET /v1/me
2023-10-07T14:47:40.734Z [uploadje] info: GET /v1/app
2023-10-07T14:47:42.043Z [uploadje] info: GET /v1/me
2023-10-07T14:47:42.065Z [uploadje] info: GET /v1/me
2023-10-07T14:47:42.174Z [uploadje] info: GET /v1/me
2023-10-07T14:47:42.175Z [uploadje] info: GET /v1/app
2023-10-07T14:47:44.024Z [uploadje] info: GET /v1/me
2023-10-07T14:47:44.049Z [uploadje] info: GET /v1/me
2023-10-07T14:47:44.144Z [uploadje] info: GET /v1/me
2023-10-07T14:47:44.145Z [uploadje] info: GET /v1/app
2023-10-07T14:47:44.638Z [uploadje] info: GET /v1/me
2023-10-07T14:47:44.657Z [uploadje] info: GET /v1/me
2023-10-07T14:47:44.727Z [uploadje] info: GET /v1/me
2023-10-07T14:47:44.730Z [uploadje] info: GET /v1/app
2023-10-07T14:47:53.057Z [uploadje] info: GET /v1/app
2023-10-07T14:49:08.209Z [uploadje] info: POST /v1/auth/login
2023-10-07T14:49:08.313Z [uploadje] error: Incorrect password
2023-10-07T14:49:08.779Z [uploadje] info: POST /v1/auth/login
2023-10-07T14:49:08.894Z [uploadje] info: GET /v1/me
2023-10-07T14:49:08.899Z [uploadje] info: GET /v1/me
2023-10-07T14:49:08.919Z [uploadje] info: GET /v1/me
2023-10-07T14:49:08.920Z [uploadje] info: GET /v1/app
2023-10-07T14:49:09.716Z [uploadje] info: GET /v1/me
2023-10-07T14:49:09.716Z [uploadje] info: GET /v1/app
2023-10-07T14:49:41.579Z [uploadje] info: GET /v1/me
2023-10-07T14:49:41.580Z [uploadje] info: GET /v1/app
2023-10-07T14:49:41.849Z [uploadje] info: GET /v1/me
2023-10-07T14:49:41.868Z [uploadje] info: GET /v1/me
2023-10-07T14:49:42.056Z [uploadje] info: GET /v1/me
2023-10-07T14:49:42.057Z [uploadje] info: GET /v1/app
2023-10-07T14:49:42.471Z [uploadje] info: GET /v1/me
2023-10-07T14:49:42.482Z [uploadje] info: GET /v1/me
2023-10-07T14:49:42.545Z [uploadje] info: GET /v1/me
2023-10-07T14:49:42.547Z [uploadje] info: GET /v1/app
2023-10-07T14:49:42.941Z [uploadje] info: GET /v1/me
2023-10-07T14:49:42.961Z [uploadje] info: GET /v1/me
2023-10-07T14:49:43.034Z [uploadje] info: GET /v1/me
2023-10-07T14:49:43.037Z [uploadje] info: GET /v1/app
2023-10-07T14:49:45.245Z [uploadje] info: GET /v1/me
2023-10-07T14:49:45.250Z [uploadje] info: GET /v1/me
2023-10-07T14:49:45.305Z [uploadje] info: GET /v1/me
2023-10-07T14:49:45.306Z [uploadje] info: GET /v1/app
2023-10-07T14:49:58.327Z [uploadje] info: GET /v1/me
2023-10-07T14:49:58.330Z [uploadje] info: GET /v1/app
2023-10-07T14:49:58.337Z [uploadje] info: GET /v1/me
2023-10-07T14:49:58.369Z [uploadje] info: GET /v1/me
2023-10-07T14:49:58.579Z [uploadje] info: GET /v1/me
2023-10-07T14:49:58.585Z [uploadje] info: GET /v1/app
2023-10-07T14:50:00.619Z [uploadje] info: GET /v1/me
2023-10-07T14:50:00.641Z [uploadje] info: GET /v1/me
2023-10-07T14:50:00.836Z [uploadje] info: GET /v1/me
2023-10-07T14:50:00.837Z [uploadje] info: GET /v1/app
2023-10-07T14:50:54.767Z [uploadje] info: GET /v1/app
2023-10-07T14:51:00.390Z [uploadje] info: POST /v1/auth/login
2023-10-07T14:51:00.503Z [uploadje] info: GET /v1/me
2023-10-07T14:51:00.510Z [uploadje] info: GET /v1/me
2023-10-07T14:51:00.545Z [uploadje] info: GET /v1/app
2023-10-07T14:51:00.546Z [uploadje] info: GET /v1/me
2023-10-07T14:51:01.224Z [uploadje] info: GET /v1/me
2023-10-07T14:51:01.227Z [uploadje] info: GET /v1/app
2023-10-07T14:51:35.264Z [uploadje] info: GET /v1/me
2023-10-07T14:51:35.266Z [uploadje] info: GET /v1/app
2023-10-07T14:51:36.809Z [uploadje] info: GET /v1/me
2023-10-07T14:51:36.815Z [uploadje] info: GET /v1/me
2023-10-07T14:51:37.022Z [uploadje] info: GET /v1/app
2023-10-07T14:51:37.023Z [uploadje] info: GET /v1/me
2023-10-07T14:51:38.224Z [uploadje] info: GET /v1/me
2023-10-07T14:51:38.241Z [uploadje] info: GET /v1/me
2023-10-07T14:51:38.422Z [uploadje] info: GET /v1/me
2023-10-07T14:51:38.423Z [uploadje] info: GET /v1/app
2023-10-07T14:51:38.842Z [uploadje] info: GET /v1/me
2023-10-07T14:51:38.857Z [uploadje] info: GET /v1/me
2023-10-07T14:51:39.030Z [uploadje] info: GET /v1/me
2023-10-07T14:51:39.031Z [uploadje] info: GET /v1/app
2023-10-07T14:51:40.063Z [uploadje] info: GET /v1/me
2023-10-07T14:51:40.078Z [uploadje] info: GET /v1/me
2023-10-07T14:51:40.242Z [uploadje] info: GET /v1/app
2023-10-07T14:51:40.243Z [uploadje] info: GET /v1/me
2023-10-07T14:51:40.607Z [uploadje] info: GET /v1/me
2023-10-07T14:51:40.623Z [uploadje] info: GET /v1/me
2023-10-07T14:51:40.802Z [uploadje] info: GET /v1/app
2023-10-07T14:51:40.802Z [uploadje] info: GET /v1/me
2023-10-07T14:51:40.961Z [uploadje] info: GET /v1/me
2023-10-07T14:51:40.965Z [uploadje] info: GET /v1/me
2023-10-07T14:51:41.125Z [uploadje] info: GET /v1/me
2023-10-07T14:51:41.126Z [uploadje] info: GET /v1/app
2023-10-07T14:51:41.195Z [uploadje] info: GET /v1/me
2023-10-07T14:51:41.199Z [uploadje] info: GET /v1/me
2023-10-07T14:51:41.353Z [uploadje] info: GET /v1/me
2023-10-07T14:51:41.354Z [uploadje] info: GET /v1/app
2023-10-07T14:51:41.388Z [uploadje] info: GET /v1/me
2023-10-07T14:51:41.396Z [uploadje] info: GET /v1/me
2023-10-07T14:51:41.560Z [uploadje] info: GET /v1/app
2023-10-07T14:51:41.561Z [uploadje] info: GET /v1/me
2023-10-07T14:51:41.650Z [uploadje] info: GET /v1/me
2023-10-07T14:51:41.654Z [uploadje] info: GET /v1/me
2023-10-07T14:51:41.805Z [uploadje] info: GET /v1/me
2023-10-07T14:51:41.806Z [uploadje] info: GET /v1/app
2023-10-07T14:51:42.325Z [uploadje] info: GET /v1/me
2023-10-07T14:51:42.348Z [uploadje] info: GET /v1/me
2023-10-07T14:51:42.517Z [uploadje] info: GET /v1/me
2023-10-07T14:51:42.518Z [uploadje] info: GET /v1/app
2023-10-07T14:52:07.130Z [uploadje] info: GET /v1/app
2023-10-07T14:52:13.580Z [uploadje] info: POST /v1/auth/login
2023-10-07T14:52:13.707Z [uploadje] info: GET /v1/me
2023-10-07T14:52:13.715Z [uploadje] info: GET /v1/me
2023-10-07T14:52:13.751Z [uploadje] info: GET /v1/me
2023-10-07T14:52:13.753Z [uploadje] info: GET /v1/app
2023-10-07T14:52:14.756Z [uploadje] info: GET /v1/me
2023-10-07T14:52:14.757Z [uploadje] info: GET /v1/app
2023-10-07T14:52:24.827Z [uploadje] info: GET /v1/me
2023-10-07T14:52:24.829Z [uploadje] info: GET /v1/app
2023-10-07T14:52:36.284Z [uploadje] info: GET /v1/me
2023-10-07T14:52:36.285Z [uploadje] info: GET /v1/app
2023-10-07T14:52:39.254Z [uploadje] info: GET /v1/me
2023-10-07T14:52:39.255Z [uploadje] info: GET /v1/app
2023-10-07T14:54:33.123Z [uploadje] info: GET /v1/app
2023-10-07T14:54:41.968Z [uploadje] info: GET /v1/app
2023-10-07T14:55:25.949Z [uploadje] info: POST /v1/auth/login
2023-10-07T14:55:26.078Z [uploadje] info: GET /v1/me
2023-10-07T14:55:26.085Z [uploadje] info: GET /v1/me
2023-10-07T14:55:26.116Z [uploadje] info: GET /v1/me
2023-10-07T14:55:26.117Z [uploadje] info: GET /v1/app
2023-10-07T14:55:27.208Z [uploadje] info: GET /v1/me
2023-10-07T14:55:27.211Z [uploadje] info: GET /v1/app
2023-10-07T14:55:39.449Z [uploadje] info: GET /v1/me
2023-10-07T14:55:39.454Z [uploadje] info: GET /v1/app
2023-10-07T14:56:03.226Z [uploadje] info: GET /v1/me
2023-10-07T14:56:03.228Z [uploadje] info: GET /v1/app
2023-10-07T14:56:04.272Z [uploadje] info: GET /v1/me
2023-10-07T14:56:04.273Z [uploadje] info: GET /v1/app
2023-10-07T14:56:11.014Z [uploadje] info: GET /v1/me
2023-10-07T14:56:11.017Z [uploadje] info: GET /v1/app
2023-10-07T14:56:12.421Z [uploadje] info: GET /v1/me
2023-10-07T14:56:12.424Z [uploadje] info: GET /v1/app
2023-10-07T14:56:13.517Z [uploadje] info: GET /v1/me
2023-10-07T14:56:13.519Z [uploadje] info: GET /v1/app
2023-10-07T14:56:14.359Z [uploadje] info: GET /v1/me
2023-10-07T14:56:14.360Z [uploadje] info: GET /v1/app
2023-10-07T14:56:15.285Z [uploadje] info: GET /v1/me
2023-10-07T14:56:15.290Z [uploadje] info: GET /v1/app
2023-10-07T14:56:15.995Z [uploadje] info: GET /v1/me
2023-10-07T14:56:15.997Z [uploadje] info: GET /v1/app
2023-10-07T14:56:18.914Z [uploadje] info: GET /v1/app
2023-10-07T14:56:18.915Z [uploadje] info: GET /v1/me
2023-10-07T14:56:19.817Z [uploadje] info: GET /v1/me
2023-10-07T14:56:19.819Z [uploadje] info: GET /v1/app
2023-10-07T14:56:36.138Z [uploadje] info: GET /v1/app
2023-10-07T14:57:02.172Z [uploadje] info: GET /v1/app
2023-10-07T14:57:17.494Z [uploadje] info: POST /v1/auth/login
2023-10-07T14:57:17.616Z [uploadje] info: GET /v1/me
2023-10-07T14:57:17.623Z [uploadje] info: GET /v1/me
2023-10-07T14:57:17.660Z [uploadje] info: GET /v1/me
2023-10-07T14:57:17.661Z [uploadje] info: GET /v1/app
2023-10-07T14:57:18.758Z [uploadje] info: GET /v1/me
2023-10-07T14:57:18.759Z [uploadje] info: GET /v1/app
2023-10-07T14:59:08.130Z [uploadje] info: GET /v1/app
2023-10-07T14:59:14.628Z [uploadje] info: POST /v1/auth/login
2023-10-07T14:59:14.749Z [uploadje] info: GET /v1/me
2023-10-07T14:59:14.756Z [uploadje] info: GET /v1/me
2023-10-07T14:59:14.791Z [uploadje] info: GET /v1/me
2023-10-07T14:59:14.793Z [uploadje] info: GET /v1/app
2023-10-07T14:59:16.996Z [uploadje] info: GET /v1/me
2023-10-07T14:59:17.014Z [uploadje] info: GET /v1/me
2023-10-07T14:59:17.019Z [uploadje] info: GET /v1/me
2023-10-07T14:59:17.204Z [uploadje] info: GET /v1/me
2023-10-07T14:59:17.204Z [uploadje] info: GET /v1/app
2023-10-07T14:59:18.812Z [uploadje] info: GET /v1/me
2023-10-07T14:59:18.814Z [uploadje] info: GET /v1/app
2023-10-07T15:02:22.145Z [uploadje] info: GET /v1/app
2023-10-07T15:03:13.176Z [uploadje] info: GET /v1/app
2023-10-07T15:03:54.991Z [uploadje] info: GET /v1/app
2023-10-07T15:03:59.818Z [uploadje] info: POST /v1/auth/login
2023-10-07T15:03:59.934Z [uploadje] info: GET /v1/me
2023-10-07T15:03:59.941Z [uploadje] info: GET /v1/me
2023-10-07T15:03:59.974Z [uploadje] info: GET /v1/app
2023-10-07T15:03:59.975Z [uploadje] info: GET /v1/me
2023-10-07T15:04:00.765Z [uploadje] info: GET /v1/me
2023-10-07T15:04:00.771Z [uploadje] info: GET /v1/app
2023-10-07T15:04:01.611Z [uploadje] info: GET /v1/me
2023-10-07T15:04:01.613Z [uploadje] info: GET /v1/images
2023-10-07T15:04:12.440Z [uploadje] info: GET /v1/me
2023-10-07T15:04:12.445Z [uploadje] info: GET /v1/me
2023-10-07T15:04:12.616Z [uploadje] info: GET /v1/me
2023-10-07T15:04:12.639Z [uploadje] info: GET /v1/me
2023-10-07T15:04:12.670Z [uploadje] info: GET /v1/app
2023-10-07T15:04:12.671Z [uploadje] info: GET /v1/me
2023-10-07T15:04:12.833Z [uploadje] info: GET /v1/app
2023-10-07T15:04:12.834Z [uploadje] info: GET /v1/me
2023-10-07T15:04:12.835Z [uploadje] info: GET /v1/me
2023-10-07T15:04:12.835Z [uploadje] info: GET /v1/images
2023-10-07T15:04:17.891Z [uploadje] info: GET /v1/me
2023-10-07T15:04:17.893Z [uploadje] info: GET /v1/app
2023-10-07T15:04:17.894Z [uploadje] info: GET /v1/me
2023-10-07T15:04:17.895Z [uploadje] info: GET /v1/images
2023-10-07T15:04:30.640Z [uploadje] info: GET /v1/image
2023-10-07T15:04:41.134Z [uploadje] info: GET /v1/me
2023-10-07T15:04:41.135Z [uploadje] info: GET /v1/app
2023-10-07T15:04:41.136Z [uploadje] info: GET /v1/me
2023-10-07T15:04:41.136Z [uploadje] info: GET /v1/images
2023-10-07T15:04:50.135Z [uploadje] info: GET /v1/me
2023-10-07T15:04:50.137Z [uploadje] info: GET /v1/me
2023-10-07T15:04:50.138Z [uploadje] info: GET /v1/app
2023-10-07T15:04:50.139Z [uploadje] info: GET /v1/images
2023-10-07T15:05:00.166Z [uploadje] info: GET /v1/images
2023-10-07T15:05:11.127Z [uploadje] info: GET /v1/images
2023-10-07T15:05:37.953Z [uploadje] info: GET /v1/images
2023-10-07T15:05:39.250Z [uploadje] info: GET /v1/image
2023-10-07T15:05:39.257Z [uploadje] error: Application not authorized to upload
2023-10-07T15:05:45.033Z [uploadje] info: POST /v1/auth/login
2023-10-07T15:05:45.151Z [uploadje] info: GET /v1/me
2023-10-07T15:05:45.160Z [uploadje] info: GET /v1/me
2023-10-07T15:05:45.193Z [uploadje] info: GET /v1/me
2023-10-07T15:05:45.194Z [uploadje] info: GET /v1/app
2023-10-07T15:05:47.159Z [uploadje] info: GET /v1/me
2023-10-07T15:05:47.162Z [uploadje] info: GET /v1/image
2023-10-07T15:05:47.164Z [uploadje] error: Application not authorized to upload
2023-10-07T15:10:12.174Z [uploadje] info: GET /v1/image
2023-10-07T15:10:12.176Z [uploadje] error: Application not authorized to upload
2023-10-07T15:10:20.205Z [uploadje] info: GET /v1/image
2023-10-07T15:10:20.206Z [uploadje] error: Application not authorized to upload
2023-10-07T15:10:32.593Z [uploadje] info: GET /v1/image
2023-10-07T15:10:32.594Z [uploadje] error: Application not authorized to upload
2023-10-07T15:10:34.018Z [uploadje] info: GET /v1/image
2023-10-07T15:10:34.019Z [uploadje] error: Application not authorized to upload
2023-10-07T15:10:36.309Z [uploadje] info: GET /v1/image
2023-10-07T15:10:36.311Z [uploadje] error: Application not authorized to upload
2023-10-07T15:11:11.874Z [uploadje] info: GET /v1/image
2023-10-07T15:11:13.192Z [uploadje] info: GET /v1/image
2023-10-07T15:11:16.190Z [uploadje] info: GET /v1/image
2023-10-07T15:11:17.256Z [uploadje] info: GET /v1/image
2023-10-07T15:11:23.406Z [uploadje] info: GET /v1/image
2023-10-07T15:11:23.409Z [uploadje] error: Application not authorized to upload
2023-10-07T15:11:28.543Z [uploadje] info: GET /v1/image
2023-10-07T15:11:40.287Z [uploadje] info: GET /v1/app
2023-10-07T15:12:13.498Z [uploadje] info: GET /v1/image
2023-10-07T15:12:13.500Z [uploadje] error: Application not authorized to upload
2023-10-07T15:12:18.440Z [uploadje] info: GET /v1/image
2023-10-07T15:12:18.444Z [uploadje] error: Application not authorized to upload or not exists
2023-10-07T15:12:21.719Z [uploadje] info: GET /v1/image
2023-10-07T15:12:40.119Z [uploadje] info: GET /v1/app
2023-10-07T15:13:15.846Z [uploadje] info: GET /v1/image
2023-10-07T15:13:15.848Z [uploadje] error: Application not authorized to upload or not exists
2023-10-07T15:13:28.760Z [uploadje] info: GET /v1/image
2023-10-07T15:13:28.764Z [uploadje] error: Application not authorized to upload or not exists
2023-10-07T15:13:33.230Z [uploadje] info: GET /v1/image
2023-10-07T15:13:33.234Z [uploadje] error: Application not authorized to upload or not exists
2023-10-07T15:13:54.702Z [uploadje] info: GET /v1/image
2023-10-07T15:13:54.713Z [uploadje] error: Application not authorized to upload or not exists
2023-10-07T15:13:55.841Z [uploadje] info: GET /v1/image
2023-10-07T15:13:55.846Z [uploadje] error: Application not authorized to upload or not exists
2023-10-07T15:14:13.630Z [uploadje] info: GET /v1/image
2023-10-07T15:14:13.632Z [uploadje] error: Application not authorized to upload
2023-10-07T15:14:23.334Z [uploadje] info: GET /v1/image
2023-10-07T15:14:23.335Z [uploadje] error: Application not authorized to upload
2023-10-07T15:14:33.556Z [uploadje] info: POST /v1/auth/login
2023-10-07T15:14:33.679Z [uploadje] info: GET /v1/me
2023-10-07T15:14:33.689Z [uploadje] info: GET /v1/me
2023-10-07T15:14:33.724Z [uploadje] info: GET /v1/me
2023-10-07T15:14:33.725Z [uploadje] info: GET /v1/app
2023-10-07T15:14:36.110Z [uploadje] info: GET /v1/me
2023-10-07T15:14:36.112Z [uploadje] info: GET /v1/image
2023-10-07T15:14:36.115Z [uploadje] error: Application not authorized to upload
2023-10-07T15:14:45.704Z [uploadje] info: GET /v1/me
2023-10-07T15:14:45.705Z [uploadje] info: GET /v1/image
2023-10-07T15:14:45.705Z [uploadje] error: Application not authorized to upload
2023-10-07T15:14:51.964Z [uploadje] info: GET /v1/me
2023-10-07T15:14:51.965Z [uploadje] info: GET /v1/image
2023-10-07T15:14:51.965Z [uploadje] error: Application not authorized to upload
2023-10-07T15:14:54.550Z [uploadje] info: GET /v1/me
2023-10-07T15:14:54.552Z [uploadje] info: GET /v1/image
2023-10-07T15:14:54.552Z [uploadje] error: Application not authorized to upload
2023-10-07T15:14:57.116Z [uploadje] info: GET /v1/me
2023-10-07T15:14:57.118Z [uploadje] info: GET /v1/image
2023-10-07T15:14:57.118Z [uploadje] error: Application not authorized to upload
2023-10-07T15:15:26.858Z [uploadje] info: GET /v1/me
2023-10-07T15:15:26.860Z [uploadje] info: GET /v1/image
2023-10-07T15:15:26.861Z [uploadje] error: Application not authorized to upload
2023-10-07T15:15:26.977Z [uploadje] info: GET /v1/me
2023-10-07T15:15:26.987Z [uploadje] info: GET /v1/me
2023-10-07T15:15:27.212Z [uploadje] info: GET /v1/me
2023-10-07T15:15:27.213Z [uploadje] info: GET /v1/image
2023-10-07T15:15:27.213Z [uploadje] error: Application not authorized to upload
2023-10-07T15:15:29.422Z [uploadje] info: GET /v1/me
2023-10-07T15:15:29.441Z [uploadje] info: GET /v1/me
2023-10-07T15:15:29.628Z [uploadje] info: GET /v1/me
2023-10-07T15:15:29.629Z [uploadje] info: GET /v1/image
2023-10-07T15:15:29.630Z [uploadje] error: Application not authorized to upload
2023-10-07T15:15:42.321Z [uploadje] info: GET /v1/image
2023-10-07T15:15:42.333Z [uploadje] error: Application not authorized to upload
2023-10-07T15:15:43.099Z [uploadje] info: GET /v1/image
2023-10-07T15:15:43.100Z [uploadje] error: Application not authorized to upload
2023-10-07T15:15:49.773Z [uploadje] info: POST /v1/auth/login
2023-10-07T15:15:49.894Z [uploadje] info: GET /v1/me
2023-10-07T15:15:49.901Z [uploadje] info: GET /v1/me
2023-10-07T15:15:49.945Z [uploadje] info: GET /v1/me
2023-10-07T15:15:49.950Z [uploadje] info: GET /v1/app
2023-10-07T15:15:52.746Z [uploadje] info: GET /v1/me
2023-10-07T15:15:52.747Z [uploadje] info: GET /v1/image
2023-10-07T15:15:52.748Z [uploadje] error: Application not authorized to upload
2023-10-07T15:15:57.023Z [uploadje] info: GET /v1/me
2023-10-07T15:15:57.037Z [uploadje] info: GET /v1/me
2023-10-07T15:15:57.267Z [uploadje] info: GET /v1/me
2023-10-07T15:15:57.268Z [uploadje] info: GET /v1/image
2023-10-07T15:15:57.270Z [uploadje] error: Application not authorized to upload
2023-10-07T15:16:22.713Z [uploadje] info: GET /v1/me
2023-10-07T15:16:22.714Z [uploadje] info: GET /v1/image
2023-10-07T15:16:22.715Z [uploadje] error: Application not authorized to upload
2023-10-07T15:16:25.975Z [uploadje] info: GET /v1/me
2023-10-07T15:16:25.991Z [uploadje] info: GET /v1/me
2023-10-07T15:17:17.480Z [uploadje] info: POST /v1/auth/login
2023-10-07T15:17:17.599Z [uploadje] info: GET /v1/me
2023-10-07T15:17:17.611Z [uploadje] info: GET /v1/me
2023-10-07T15:17:17.636Z [uploadje] info: GET /v1/me
2023-10-07T15:17:17.637Z [uploadje] info: GET /v1/app
2023-10-07T15:17:18.444Z [uploadje] info: GET /v1/me
2023-10-07T15:17:18.446Z [uploadje] info: GET /v1/app
2023-10-07T15:17:19.856Z [uploadje] info: GET /v1/me
2023-10-07T15:17:19.859Z [uploadje] info: GET /v1/app
2023-10-07T15:17:19.860Z [uploadje] info: GET /v1/me
2023-10-07T15:17:19.861Z [uploadje] info: GET /v1/image
2023-10-07T15:17:19.898Z [uploadje] error: Application not authorized to upload
2023-10-07T15:17:22.275Z [uploadje] info: GET /v1/me
2023-10-07T15:17:22.276Z [uploadje] info: GET /v1/app
2023-10-07T15:17:22.277Z [uploadje] info: GET /v1/image
2023-10-07T15:17:22.278Z [uploadje] error: Application not authorized to upload
2023-10-07T15:17:22.278Z [uploadje] info: GET /v1/me
2023-10-07T15:17:24.026Z [uploadje] info: GET /v1/me
2023-10-07T15:17:24.038Z [uploadje] info: GET /v1/me
2023-10-07T15:17:24.277Z [uploadje] info: GET /v1/app
2023-10-07T15:17:24.278Z [uploadje] info: GET /v1/me
2023-10-07T15:17:24.279Z [uploadje] info: GET /v1/me
2023-10-07T15:17:24.279Z [uploadje] info: GET /v1/image
2023-10-07T15:17:24.280Z [uploadje] error: Application not authorized to upload
2023-10-07T15:17:24.323Z [uploadje] info: GET /v1/image
2023-10-07T15:17:24.324Z [uploadje] error: Application not authorized to upload
2023-10-07T15:17:24.324Z [uploadje] info: GET /v1/me
2023-10-07T15:17:26.863Z [uploadje] info: GET /v1/me
2023-10-07T15:17:26.864Z [uploadje] info: GET /v1/app
2023-10-07T15:17:26.865Z [uploadje] info: GET /v1/me
2023-10-07T15:17:26.866Z [uploadje] info: GET /v1/image
2023-10-07T15:17:26.866Z [uploadje] error: Application not authorized to upload
2023-10-07T15:17:32.395Z [uploadje] info: GET /v1/me
2023-10-07T15:17:32.404Z [uploadje] info: GET /v1/me
2023-10-07T15:17:33.029Z [uploadje] info: GET /v1/me
2023-10-07T15:17:33.032Z [uploadje] info: GET /v1/app
2023-10-07T15:17:33.035Z [uploadje] info: GET /v1/me
2023-10-07T15:17:33.038Z [uploadje] info: GET /v1/image
2023-10-07T15:17:33.039Z [uploadje] error: Application not authorized to upload
2023-10-07T15:17:35.832Z [uploadje] info: GET /v1/me
2023-10-07T15:17:35.833Z [uploadje] info: GET /v1/me
2023-10-07T15:17:35.834Z [uploadje] info: GET /v1/app
2023-10-07T15:17:35.835Z [uploadje] info: GET /v1/image
2023-10-07T15:17:35.835Z [uploadje] error: Application not authorized to upload
2023-10-07T15:17:42.852Z [uploadje] info: GET /v1/me
2023-10-07T15:17:42.857Z [uploadje] info: GET /v1/app
2023-10-07T15:17:42.859Z [uploadje] info: GET /v1/me
2023-10-07T15:17:42.860Z [uploadje] info: GET /v1/image
2023-10-07T15:17:42.880Z [uploadje] error: Application not authorized to upload
2023-10-07T15:17:51.095Z [uploadje] info: GET /v1/image
2023-10-07T15:17:53.000Z [uploadje] info: GET /v1/me
2023-10-07T15:17:53.003Z [uploadje] info: GET /v1/app
2023-10-07T15:17:53.007Z [uploadje] info: GET /v1/me
2023-10-07T15:17:53.013Z [uploadje] info: GET /v1/image
2023-10-07T15:17:53.015Z [uploadje] error: Application not authorized to upload
2023-10-07T15:17:58.255Z [uploadje] info: GET /v1/me
2023-10-07T15:17:58.260Z [uploadje] info: GET /v1/app
2023-10-07T15:17:58.265Z [uploadje] info: GET /v1/me
2023-10-07T15:17:58.266Z [uploadje] info: GET /v1/image
2023-10-07T15:17:58.267Z [uploadje] error: Application not authorized to upload
2023-10-07T15:18:24.753Z [uploadje] info: GET /v1/image
2023-10-07T15:18:24.754Z [uploadje] error: Application not authorized to upload
2023-10-07T15:18:24.756Z [uploadje] info: GET /v1/app
2023-10-07T15:18:29.277Z [uploadje] info: POST /v1/auth/login
2023-10-07T15:18:29.393Z [uploadje] info: GET /v1/me
2023-10-07T15:18:29.400Z [uploadje] info: GET /v1/me
2023-10-07T15:18:29.436Z [uploadje] info: GET /v1/me
2023-10-07T15:18:29.437Z [uploadje] info: GET /v1/app
2023-10-07T15:18:30.236Z [uploadje] info: GET /v1/me
2023-10-07T15:18:30.238Z [uploadje] info: GET /v1/app
2023-10-07T15:18:31.445Z [uploadje] info: GET /v1/me
2023-10-07T15:18:31.446Z [uploadje] info: GET /v1/app
2023-10-07T15:18:31.448Z [uploadje] info: GET /v1/me
2023-10-07T15:18:31.449Z [uploadje] info: GET /v1/image
2023-10-07T15:18:31.450Z [uploadje] error: Application not authorized to upload
2023-10-07T15:19:38.149Z [uploadje] info: GET /v1/app
2023-10-07T15:19:38.150Z [uploadje] info: GET /v1/image
2023-10-07T15:19:38.150Z [uploadje] error: Application not authorized to upload
2023-10-07T15:20:09.994Z [uploadje] info: POST /v1/auth/login
2023-10-07T15:20:10.116Z [uploadje] info: GET /v1/me
2023-10-07T15:20:10.128Z [uploadje] info: GET /v1/me
2023-10-07T15:20:10.169Z [uploadje] info: GET /v1/app
2023-10-07T15:20:10.170Z [uploadje] info: GET /v1/me
2023-10-07T15:20:10.911Z [uploadje] info: GET /v1/me
2023-10-07T15:20:10.912Z [uploadje] info: GET /v1/app
2023-10-07T15:20:11.661Z [uploadje] info: GET /v1/me
2023-10-07T15:20:11.664Z [uploadje] info: GET /v1/app
2023-10-07T15:20:11.665Z [uploadje] info: GET /v1/me
2023-10-07T15:20:11.669Z [uploadje] info: GET /v1/image
2023-10-07T15:20:11.669Z [uploadje] error: Application not authorized to upload
2023-10-07T15:20:58.139Z [uploadje] info: GET /v1/me
2023-10-07T15:20:58.140Z [uploadje] info: GET /v1/me
2023-10-07T15:20:58.141Z [uploadje] info: GET /v1/image
2023-10-07T15:20:58.142Z [uploadje] error: Application not authorized to upload
2023-10-07T15:20:58.142Z [uploadje] info: GET /v1/app
2023-10-07T15:21:40.143Z [uploadje] info: GET /v1/app
2023-10-07T15:21:40.144Z [uploadje] info: GET /v1/image
2023-10-07T15:21:40.145Z [uploadje] error: Application not authorized to upload
2023-10-07T15:22:11.443Z [uploadje] info: POST /v1/auth/login
2023-10-07T15:22:11.567Z [uploadje] info: GET /v1/me
2023-10-07T15:22:11.574Z [uploadje] info: GET /v1/me
2023-10-07T15:22:11.620Z [uploadje] info: GET /v1/me
2023-10-07T15:22:11.621Z [uploadje] info: GET /v1/app
2023-10-07T15:22:12.420Z [uploadje] info: GET /v1/me
2023-10-07T15:22:12.421Z [uploadje] info: GET /v1/app
2023-10-07T15:22:13.067Z [uploadje] info: GET /v1/me
2023-10-07T15:22:13.070Z [uploadje] info: GET /v1/app
2023-10-07T15:22:13.074Z [uploadje] info: GET /v1/me
2023-10-07T15:22:13.077Z [uploadje] info: GET /v1/image
2023-10-07T15:22:37.459Z [uploadje] info: POST /v1/image
2023-10-07T15:22:37.731Z [uploadje] info: Image inserted successfully: https://stagingfs.uploadje.com/frouzo5q97qhjac8x9ffcjn5_Frame 119-1.jpg
2023-10-07T15:22:37.731Z [uploadje] info: Image created by gtbhx38fkkiymrf89k2hk03v
2023-10-07T15:22:38.971Z [uploadje] info: GET /v1/me
2023-10-07T15:22:38.972Z [uploadje] info: GET /v1/app
2023-10-07T15:22:38.973Z [uploadje] info: GET /v1/me
2023-10-07T15:22:38.973Z [uploadje] info: GET /v1/image
2023-10-07T15:22:45.481Z [uploadje] info: GET /v1/me
2023-10-07T15:22:45.485Z [uploadje] info: GET /v1/app
2023-10-07T15:22:45.488Z [uploadje] info: GET /v1/me
2023-10-07T15:22:45.489Z [uploadje] info: GET /v1/image
2023-10-07T15:22:46.255Z [uploadje] info: POST /v1/image
2023-10-07T15:22:46.469Z [uploadje] info: POST /v1/image
2023-10-07T15:22:46.476Z [uploadje] info: Image inserted successfully: https://stagingfs.uploadje.com/s2u42j2fcn60tvm0vefws7hb_Frame 119-1.jpg
2023-10-07T15:22:46.476Z [uploadje] info: Image created by gtbhx38fkkiymrf89k2hk03v
2023-10-07T15:22:46.566Z [uploadje] info: Image inserted successfully: https://stagingfs.uploadje.com/cj7dth7moxnjy3bkcc2o86us_Frame 119-1.jpg
2023-10-07T15:22:46.566Z [uploadje] info: Image created by gtbhx38fkkiymrf89k2hk03v
2023-10-07T15:22:46.624Z [uploadje] info: GET /v1/me
2023-10-07T15:22:46.641Z [uploadje] info: GET /v1/me
2023-10-07T15:22:46.845Z [uploadje] info: GET /v1/me
2023-10-07T15:22:46.846Z [uploadje] info: GET /v1/app
2023-10-07T15:22:46.847Z [uploadje] info: GET /v1/me
2023-10-07T15:22:46.848Z [uploadje] info: GET /v1/image
2023-10-07T15:22:46.852Z [uploadje] error: Application not authorized to upload or not exists
2023-10-07T15:22:46.866Z [uploadje] info: GET /v1/me
2023-10-07T15:22:46.867Z [uploadje] info: GET /v1/image
2023-10-07T15:22:51.271Z [uploadje] info: GET /v1/me
2023-10-07T15:22:51.273Z [uploadje] info: GET /v1/app
2023-10-07T15:22:51.275Z [uploadje] info: GET /v1/me
2023-10-07T15:22:51.281Z [uploadje] info: GET /v1/image
2023-10-07T15:22:54.816Z [uploadje] info: GET /v1/me
2023-10-07T15:22:54.819Z [uploadje] info: GET /v1/app
2023-10-07T15:22:54.821Z [uploadje] info: GET /v1/me
2023-10-07T15:22:54.823Z [uploadje] info: GET /v1/image
2023-10-07T15:22:56.842Z [uploadje] info: GET /v1/me
2023-10-07T15:22:56.844Z [uploadje] info: GET /v1/me
2023-10-07T15:22:56.845Z [uploadje] info: GET /v1/app
2023-10-07T15:22:56.845Z [uploadje] info: GET /v1/image
2023-10-07T15:23:00.188Z [uploadje] info: GET /v1/me
2023-10-07T15:23:00.189Z [uploadje] info: GET /v1/app
2023-10-07T15:23:00.190Z [uploadje] info: GET /v1/me
2023-10-07T15:23:00.191Z [uploadje] info: GET /v1/image
2023-10-07T15:23:10.856Z [uploadje] info: GET /v1/me
2023-10-07T15:23:10.857Z [uploadje] info: GET /v1/image
2023-10-07T15:23:10.857Z [uploadje] info: GET /v1/app
2023-10-07T15:23:10.859Z [uploadje] info: GET /v1/me
2023-10-07T15:23:25.409Z [uploadje] info: GET /v1/app
2023-10-07T15:23:25.420Z [uploadje] info: GET /v1/image
2023-10-07T15:25:05.087Z [uploadje] info: POST /v1/auth/login
2023-10-07T15:25:05.209Z [uploadje] info: GET /v1/me
2023-10-07T15:25:05.217Z [uploadje] info: GET /v1/me
2023-10-07T15:25:05.252Z [uploadje] info: GET /v1/app
2023-10-07T15:25:05.253Z [uploadje] info: GET /v1/me
2023-10-07T15:25:06.057Z [uploadje] info: GET /v1/me
2023-10-07T15:25:06.060Z [uploadje] info: GET /v1/app
2023-10-07T15:25:07.003Z [uploadje] info: GET /v1/me
2023-10-07T15:25:07.007Z [uploadje] info: GET /v1/app
2023-10-07T15:25:07.013Z [uploadje] info: GET /v1/me
2023-10-07T15:25:07.015Z [uploadje] info: GET /v1/image
2023-10-07T15:25:23.367Z [uploadje] info: GET /v1/me
2023-10-07T15:25:23.373Z [uploadje] info: GET /v1/me
2023-10-07T15:25:23.436Z [uploadje] info: GET /v1/app
2023-10-07T15:25:23.437Z [uploadje] info: GET /v1/me
2023-10-07T15:25:23.438Z [uploadje] info: GET /v1/me
2023-10-07T15:25:23.438Z [uploadje] info: GET /v1/image
2023-10-07T15:25:23.448Z [uploadje] error: Application not authorized to upload or not exists
2023-10-07T15:25:23.461Z [uploadje] info: GET /v1/me
2023-10-07T15:25:23.462Z [uploadje] info: GET /v1/image
2023-10-07T15:25:39.302Z [uploadje] info: GET /v1/me
2023-10-07T15:25:39.315Z [uploadje] info: GET /v1/me
2023-10-07T15:25:39.539Z [uploadje] info: GET /v1/me
2023-10-07T15:25:39.540Z [uploadje] info: GET /v1/app
2023-10-07T15:25:39.542Z [uploadje] info: GET /v1/me
2023-10-07T15:25:39.547Z [uploadje] info: GET /v1/image
2023-10-07T15:25:39.550Z [uploadje] error: Application not authorized to upload or not exists
2023-10-07T15:25:39.573Z [uploadje] info: GET /v1/me
2023-10-07T15:25:39.574Z [uploadje] info: GET /v1/image
2023-10-07T15:25:43.016Z [uploadje] info: GET /v1/me
2023-10-07T15:25:43.019Z [uploadje] info: GET /v1/app
2023-10-07T15:25:43.026Z [uploadje] info: GET /v1/me
2023-10-07T15:25:43.027Z [uploadje] info: GET /v1/image
2023-10-07T15:25:45.993Z [uploadje] info: GET /v1/me
2023-10-07T15:25:45.996Z [uploadje] info: GET /v1/app
2023-10-07T15:25:46.002Z [uploadje] info: GET /v1/me
2023-10-07T15:25:46.010Z [uploadje] info: GET /v1/image
2023-10-07T15:26:15.398Z [uploadje] info: GET /v1/image
2023-10-07T15:26:15.860Z [uploadje] info: GET /v1/app
2023-10-07T15:26:20.136Z [uploadje] info: POST /v1/auth/login
2023-10-07T15:26:20.249Z [uploadje] info: GET /v1/me
2023-10-07T15:26:20.257Z [uploadje] info: GET /v1/me
2023-10-07T15:26:20.294Z [uploadje] info: GET /v1/me
2023-10-07T15:26:20.295Z [uploadje] info: GET /v1/app
2023-10-07T15:26:21.061Z [uploadje] info: GET /v1/me
2023-10-07T15:26:21.062Z [uploadje] info: GET /v1/app
2023-10-07T15:26:22.318Z [uploadje] info: GET /v1/app
2023-10-07T15:26:22.319Z [uploadje] info: GET /v1/me
2023-10-07T15:26:22.319Z [uploadje] info: GET /v1/me
2023-10-07T15:26:22.320Z [uploadje] info: GET /v1/image
2023-10-07T15:26:24.143Z [uploadje] info: GET /v1/me
2023-10-07T15:26:24.152Z [uploadje] info: GET /v1/image
2023-10-07T15:26:25.917Z [uploadje] info: GET /v1/me
2023-10-07T15:26:25.920Z [uploadje] info: GET /v1/image
2023-10-07T15:26:27.615Z [uploadje] info: GET /v1/me
2023-10-07T15:26:27.617Z [uploadje] info: GET /v1/image
2023-10-07T15:26:29.268Z [uploadje] info: GET /v1/me
2023-10-07T15:26:29.272Z [uploadje] info: GET /v1/image
2023-10-07T15:26:30.521Z [uploadje] info: GET /v1/me
2023-10-07T15:26:30.525Z [uploadje] info: GET /v1/image
2023-10-07T15:26:32.031Z [uploadje] info: GET /v1/me
2023-10-07T15:26:32.034Z [uploadje] info: GET /v1/image
2023-10-07T15:26:33.942Z [uploadje] info: GET /v1/me
2023-10-07T15:26:33.945Z [uploadje] info: GET /v1/image
2023-10-07T15:26:35.189Z [uploadje] info: GET /v1/me
2023-10-07T15:26:35.193Z [uploadje] info: GET /v1/image
2023-10-07T15:26:44.791Z [uploadje] info: GET /v1/app
2023-10-07T15:26:44.792Z [uploadje] info: GET /v1/me
2023-10-07T15:26:44.793Z [uploadje] info: GET /v1/me
2023-10-07T15:26:44.794Z [uploadje] info: GET /v1/image
2023-10-07T15:26:54.158Z [uploadje] info: GET /v1/me
2023-10-07T15:26:54.161Z [uploadje] info: GET /v1/app
2023-10-07T15:26:54.162Z [uploadje] info: GET /v1/me
2023-10-07T15:26:54.165Z [uploadje] info: GET /v1/image
2023-10-07T15:30:01.593Z [uploadje] info: GET /v1/app
2023-10-07T15:30:01.595Z [uploadje] info: GET /v1/image
2023-10-07T15:30:06.407Z [uploadje] info: POST /v1/auth/login
2023-10-07T15:30:06.523Z [uploadje] info: GET /v1/me
2023-10-07T15:30:06.532Z [uploadje] info: GET /v1/me
2023-10-07T15:30:06.564Z [uploadje] info: GET /v1/me
2023-10-07T15:30:06.565Z [uploadje] info: GET /v1/app
2023-10-07T15:30:07.589Z [uploadje] info: GET /v1/me
2023-10-07T15:30:07.590Z [uploadje] info: GET /v1/app
2023-10-07T15:30:09.019Z [uploadje] info: GET /v1/me
2023-10-07T15:30:09.022Z [uploadje] info: GET /v1/app
2023-10-07T15:30:09.024Z [uploadje] info: GET /v1/me
2023-10-07T15:30:09.030Z [uploadje] info: GET /v1/image
2023-10-07T15:30:11.473Z [uploadje] info: GET /v1/me
2023-10-07T15:30:11.475Z [uploadje] info: GET /v1/image
2023-10-07T15:30:20.822Z [uploadje] info: GET /v1/me
2023-10-07T15:30:20.823Z [uploadje] info: GET /v1/app
2023-10-07T15:30:20.824Z [uploadje] info: GET /v1/me
2023-10-07T15:30:20.825Z [uploadje] info: GET /v1/image
2023-10-07T15:31:43.418Z [uploadje] info: GET /v1/app
2023-10-07T15:31:43.419Z [uploadje] info: GET /v1/image
2023-10-07T15:31:48.382Z [uploadje] info: POST /v1/auth/login
2023-10-07T15:31:48.474Z [uploadje] info: GET /v1/me
2023-10-07T15:31:48.481Z [uploadje] info: GET /v1/me
2023-10-07T15:31:48.530Z [uploadje] info: GET /v1/app
2023-10-07T15:31:48.531Z [uploadje] info: GET /v1/me
2023-10-07T15:31:49.231Z [uploadje] info: GET /v1/me
2023-10-07T15:31:49.232Z [uploadje] info: GET /v1/app
2023-10-07T15:31:51.341Z [uploadje] info: GET /v1/me
2023-10-07T15:31:51.342Z [uploadje] info: GET /v1/me
2023-10-07T15:31:51.343Z [uploadje] info: GET /v1/image
2023-10-07T15:31:51.344Z [uploadje] info: GET /v1/app
2023-10-07T15:31:53.844Z [uploadje] info: GET /v1/me
2023-10-07T15:31:53.852Z [uploadje] info: GET /v1/image
2023-10-07T15:31:55.368Z [uploadje] info: GET /v1/me
2023-10-07T15:31:55.372Z [uploadje] info: GET /v1/image
2023-10-07T15:31:57.389Z [uploadje] info: GET /v1/me
2023-10-07T15:31:57.391Z [uploadje] info: GET /v1/app
2023-10-07T15:31:57.393Z [uploadje] info: GET /v1/me
2023-10-07T15:31:57.395Z [uploadje] info: GET /v1/image
2023-10-07T15:31:59.605Z [uploadje] info: GET /v1/me
2023-10-07T15:31:59.607Z [uploadje] info: GET /v1/image
2023-10-07T15:32:01.356Z [uploadje] info: GET /v1/me
2023-10-07T15:32:01.358Z [uploadje] info: GET /v1/app
2023-10-07T15:32:01.360Z [uploadje] info: GET /v1/me
2023-10-07T15:32:01.362Z [uploadje] info: GET /v1/image
2023-10-07T15:32:03.238Z [uploadje] info: GET /v1/me
2023-10-07T15:32:03.242Z [uploadje] info: GET /v1/image
2023-10-07T15:32:42.857Z [uploadje] info: GET /v1/me
2023-10-07T15:32:42.858Z [uploadje] info: GET /v1/app
2023-10-07T15:32:42.859Z [uploadje] info: GET /v1/me
2023-10-07T15:32:42.860Z [uploadje] info: GET /v1/image
2023-10-07T15:32:44.663Z [uploadje] info: GET /v1/me
2023-10-07T15:32:44.664Z [uploadje] info: GET /v1/app
2023-10-07T15:32:44.665Z [uploadje] info: GET /v1/me
2023-10-07T15:32:44.666Z [uploadje] info: GET /v1/image
2023-10-07T15:33:22.126Z [uploadje] info: GET /v1/app
2023-10-07T15:33:22.127Z [uploadje] info: GET /v1/image
2023-10-07T15:36:27.002Z [uploadje] info: POST /v1/auth/login
2023-10-07T15:36:27.104Z [uploadje] info: GET /v1/me
2023-10-07T15:36:27.114Z [uploadje] info: GET /v1/me
2023-10-07T15:36:27.205Z [uploadje] info: GET /v1/me
2023-10-07T15:36:27.206Z [uploadje] info: GET /v1/app
2023-10-07T15:36:28.057Z [uploadje] info: GET /v1/me
2023-10-07T15:36:28.058Z [uploadje] info: GET /v1/app
2023-10-07T15:36:32.096Z [uploadje] info: GET /v1/me
2023-10-07T15:36:32.100Z [uploadje] info: GET /v1/app
2023-10-07T15:36:32.112Z [uploadje] info: GET /v1/me
2023-10-07T15:36:32.113Z [uploadje] info: GET /v1/image
2023-10-07T15:36:37.865Z [uploadje] info: GET /v1/me
2023-10-07T15:36:37.867Z [uploadje] info: GET /v1/app
2023-10-07T15:36:37.869Z [uploadje] info: GET /v1/me
2023-10-07T15:36:37.871Z [uploadje] info: GET /v1/image
2023-10-07T15:36:55.090Z [uploadje] info: GET /v1/me
2023-10-07T15:36:55.091Z [uploadje] info: GET /v1/app
2023-10-07T15:36:55.092Z [uploadje] info: GET /v1/me
2023-10-07T15:36:55.092Z [uploadje] info: GET /v1/image
2023-10-07T15:36:58.024Z [uploadje] info: GET /v1/me
2023-10-07T15:36:58.036Z [uploadje] info: GET /v1/me
2023-10-07T15:36:58.037Z [uploadje] info: GET /v1/image
2023-10-07T15:36:58.037Z [uploadje] info: GET /v1/app
2023-10-07T15:37:01.899Z [uploadje] info: GET /v1/me
2023-10-07T15:37:01.901Z [uploadje] info: GET /v1/app
2023-10-07T15:37:01.909Z [uploadje] info: GET /v1/me
2023-10-07T15:37:01.911Z [uploadje] info: GET /v1/image
2023-10-07T15:38:27.594Z [uploadje] info: GET /v1/app
2023-10-07T15:38:27.602Z [uploadje] info: GET /v1/image
2023-10-07T15:39:52.933Z [uploadje] info: POST /v1/auth/login
2023-10-07T15:39:53.035Z [uploadje] info: GET /v1/me
2023-10-07T15:39:53.041Z [uploadje] info: GET /v1/me
2023-10-07T15:39:53.077Z [uploadje] info: GET /v1/app
2023-10-07T15:39:53.078Z [uploadje] info: GET /v1/me
2023-10-07T15:39:53.826Z [uploadje] info: GET /v1/me
2023-10-07T15:39:53.828Z [uploadje] info: GET /v1/app
2023-10-07T15:39:57.366Z [uploadje] info: GET /v1/me
2023-10-07T15:39:57.368Z [uploadje] info: GET /v1/app
2023-10-07T15:39:57.368Z [uploadje] info: GET /v1/me
2023-10-07T15:39:57.369Z [uploadje] info: GET /v1/image
2023-10-07T15:40:02.160Z [uploadje] info: GET /v1/me
2023-10-07T15:40:02.162Z [uploadje] info: GET /v1/app
2023-10-07T15:40:02.163Z [uploadje] info: GET /v1/me
2023-10-07T15:40:02.165Z [uploadje] info: GET /v1/image
2023-10-07T15:40:54.726Z [uploadje] info: GET /v1/app
2023-10-07T15:40:54.732Z [uploadje] info: GET /v1/image
2023-10-07T15:41:05.771Z [uploadje] info: POST /v1/auth/login
2023-10-07T15:41:05.890Z [uploadje] info: GET /v1/me
2023-10-07T15:41:05.899Z [uploadje] info: GET /v1/me
2023-10-07T15:41:05.935Z [uploadje] info: GET /v1/app
2023-10-07T15:41:05.936Z [uploadje] info: GET /v1/me
2023-10-07T15:41:06.995Z [uploadje] info: GET /v1/me
2023-10-07T15:41:06.996Z [uploadje] info: GET /v1/app
2023-10-07T15:41:07.875Z [uploadje] info: GET /v1/me
2023-10-07T15:41:07.876Z [uploadje] info: GET /v1/app
2023-10-07T15:41:07.877Z [uploadje] info: GET /v1/me
2023-10-07T15:41:07.878Z [uploadje] info: GET /v1/image
2023-10-07T15:41:09.317Z [uploadje] info: GET /v1/me
2023-10-07T15:41:09.318Z [uploadje] info: GET /v1/image
2023-10-07T15:41:19.273Z [uploadje] info: GET /v1/app
2023-10-07T15:41:19.274Z [uploadje] info: GET /v1/me
2023-10-07T15:41:19.274Z [uploadje] info: GET /v1/me
2023-10-07T15:41:19.275Z [uploadje] info: GET /v1/image
2023-10-07T15:41:43.902Z [uploadje] info: GET /v1/me
2023-10-07T15:41:43.905Z [uploadje] info: GET /v1/app
2023-10-07T15:41:43.905Z [uploadje] info: GET /v1/me
2023-10-07T15:41:43.906Z [uploadje] info: GET /v1/image
2023-10-07T15:41:45.578Z [uploadje] info: GET /v1/app
2023-10-07T15:41:45.580Z [uploadje] info: GET /v1/me
2023-10-07T15:41:45.585Z [uploadje] info: GET /v1/image
2023-10-07T15:41:45.585Z [uploadje] info: GET /v1/me
2023-10-07T15:41:59.346Z [uploadje] info: GET /v1/me
2023-10-07T15:41:59.347Z [uploadje] info: GET /v1/app
2023-10-07T15:41:59.349Z [uploadje] info: GET /v1/me
2023-10-07T15:41:59.349Z [uploadje] info: GET /v1/image
2023-10-07T15:42:00.577Z [uploadje] info: GET /v1/me
2023-10-07T15:42:00.578Z [uploadje] info: GET /v1/app
2023-10-07T15:42:00.578Z [uploadje] info: GET /v1/me
2023-10-07T15:42:00.580Z [uploadje] info: GET /v1/image
2023-10-07T15:42:09.347Z [uploadje] info: GET /v1/app
2023-10-07T15:42:09.348Z [uploadje] info: GET /v1/image
2023-10-07T15:42:10.636Z [uploadje] info: GET /v1/image
2023-10-07T15:42:10.640Z [uploadje] error: Application not authorized to upload or not exists
2023-10-07T15:42:10.671Z [uploadje] info: GET /v1/app
2023-10-07T15:42:14.799Z [uploadje] info: POST /v1/auth/login
2023-10-07T15:42:14.919Z [uploadje] info: GET /v1/me
2023-10-07T15:42:14.927Z [uploadje] info: GET /v1/me
2023-10-07T15:42:14.962Z [uploadje] info: GET /v1/me
2023-10-07T15:42:14.963Z [uploadje] info: GET /v1/app
2023-10-07T15:42:15.817Z [uploadje] info: GET /v1/me
2023-10-07T15:42:15.818Z [uploadje] info: GET /v1/app
2023-10-07T15:42:16.918Z [uploadje] info: GET /v1/me
2023-10-07T15:42:16.920Z [uploadje] info: GET /v1/app
2023-10-07T15:42:16.921Z [uploadje] info: GET /v1/me
2023-10-07T15:42:16.921Z [uploadje] info: GET /v1/image
2023-10-07T15:42:18.368Z [uploadje] info: GET /v1/me
2023-10-07T15:42:18.369Z [uploadje] info: GET /v1/image
2023-10-07T15:42:29.024Z [uploadje] info: GET /v1/me
2023-10-07T15:42:29.025Z [uploadje] info: GET /v1/app
2023-10-07T15:42:29.026Z [uploadje] info: GET /v1/me
2023-10-07T15:42:29.027Z [uploadje] info: GET /v1/image
2023-10-07T15:42:30.599Z [uploadje] info: GET /v1/me
2023-10-07T15:42:30.600Z [uploadje] info: GET /v1/app
2023-10-07T15:42:30.601Z [uploadje] info: GET /v1/me
2023-10-07T15:42:30.601Z [uploadje] info: GET /v1/image
2023-10-07T15:42:34.494Z [uploadje] info: GET /v1/me
2023-10-07T15:42:34.495Z [uploadje] info: GET /v1/me
2023-10-07T15:42:34.498Z [uploadje] info: GET /v1/image
2023-10-07T15:42:34.499Z [uploadje] info: GET /v1/app
2023-10-07T15:42:35.700Z [uploadje] info: GET /v1/me
2023-10-07T15:42:35.701Z [uploadje] info: GET /v1/app
2023-10-07T15:42:35.701Z [uploadje] info: GET /v1/me
2023-10-07T15:42:35.702Z [uploadje] info: GET /v1/image
2023-10-07T15:42:40.615Z [uploadje] info: GET /v1/app
2023-10-07T15:42:40.616Z [uploadje] info: GET /v1/me
2023-10-07T15:42:40.617Z [uploadje] info: GET /v1/me
2023-10-07T15:42:40.618Z [uploadje] info: GET /v1/image
2023-10-07T15:43:18.979Z [uploadje] info: GET /v1/app
2023-10-07T15:43:18.980Z [uploadje] info: GET /v1/image
2023-10-07T15:43:29.323Z [uploadje] info: POST /v1/auth/login
2023-10-07T15:43:29.416Z [uploadje] error: Incorrect password
2023-10-07T15:43:35.286Z [uploadje] info: POST /v1/auth/login
2023-10-07T15:43:35.402Z [uploadje] info: GET /v1/me
2023-10-07T15:43:35.409Z [uploadje] info: GET /v1/me
2023-10-07T15:43:35.447Z [uploadje] info: GET /v1/me
2023-10-07T15:43:35.448Z [uploadje] info: GET /v1/app
2023-10-07T15:43:36.698Z [uploadje] info: GET /v1/me
2023-10-07T15:43:36.700Z [uploadje] info: GET /v1/app
2023-10-07T15:43:37.758Z [uploadje] info: GET /v1/me
2023-10-07T15:43:37.764Z [uploadje] info: GET /v1/app
2023-10-07T15:43:37.766Z [uploadje] info: GET /v1/me
2023-10-07T15:43:37.767Z [uploadje] info: GET /v1/image
2023-10-07T15:43:40.723Z [uploadje] info: GET /v1/app
2023-10-07T15:43:40.725Z [uploadje] info: GET /v1/me
2023-10-07T15:43:40.725Z [uploadje] info: GET /v1/me
2023-10-07T15:43:40.726Z [uploadje] info: GET /v1/image
2023-10-07T15:43:48.941Z [uploadje] info: GET /v1/app
2023-10-07T15:43:48.942Z [uploadje] info: GET /v1/me
2023-10-07T15:43:48.943Z [uploadje] info: GET /v1/me
2023-10-07T15:43:48.944Z [uploadje] info: GET /v1/image
2023-10-07T15:43:50.412Z [uploadje] info: GET /v1/me
2023-10-07T15:43:50.413Z [uploadje] info: GET /v1/app
2023-10-07T15:43:50.413Z [uploadje] info: GET /v1/me
2023-10-07T15:43:50.414Z [uploadje] info: GET /v1/image
2023-10-07T15:43:52.097Z [uploadje] info: GET /v1/me
2023-10-07T15:43:52.114Z [uploadje] info: GET /v1/me
2023-10-07T15:43:52.397Z [uploadje] info: GET /v1/app
2023-10-07T15:43:52.399Z [uploadje] info: GET /v1/me
2023-10-07T15:43:52.400Z [uploadje] info: GET /v1/me
2023-10-07T15:43:52.400Z [uploadje] info: GET /v1/image
2023-10-07T15:43:52.403Z [uploadje] error: Application not authorized to upload or not exists
2023-10-07T15:43:52.426Z [uploadje] info: GET /v1/me
2023-10-07T15:43:52.427Z [uploadje] info: GET /v1/image
2023-10-07T15:44:02.164Z [uploadje] info: GET /v1/app
2023-10-07T15:44:02.165Z [uploadje] info: GET /v1/me
2023-10-07T15:44:02.166Z [uploadje] info: GET /v1/image
2023-10-07T15:44:02.166Z [uploadje] info: GET /v1/me
2023-10-07T15:44:10.694Z [uploadje] info: GET /v1/app
2023-10-07T15:44:10.695Z [uploadje] info: GET /v1/me
2023-10-07T15:44:10.696Z [uploadje] info: GET /v1/me
2023-10-07T15:44:10.696Z [uploadje] info: GET /v1/image
2023-10-07T15:44:11.814Z [uploadje] info: GET /v1/me
2023-10-07T15:44:11.815Z [uploadje] info: GET /v1/app
2023-10-07T15:44:11.816Z [uploadje] info: GET /v1/me
2023-10-07T15:44:11.816Z [uploadje] info: GET /v1/image
2023-10-07T15:44:20.446Z [uploadje] info: GET /v1/me
2023-10-07T15:44:20.447Z [uploadje] info: GET /v1/app
2023-10-07T15:44:20.448Z [uploadje] info: GET /v1/me
2023-10-07T15:44:20.449Z [uploadje] info: GET /v1/image
2023-10-07T15:45:00.243Z [uploadje] info: GET /v1/app
2023-10-07T15:45:00.244Z [uploadje] info: GET /v1/image
2023-10-07T15:45:05.098Z [uploadje] info: POST /v1/auth/login
2023-10-07T15:45:05.209Z [uploadje] info: GET /v1/me
2023-10-07T15:45:05.217Z [uploadje] info: GET /v1/me
2023-10-07T15:45:05.250Z [uploadje] info: GET /v1/app
2023-10-07T15:45:05.251Z [uploadje] info: GET /v1/me
2023-10-07T15:45:06.306Z [uploadje] info: GET /v1/me
2023-10-07T15:45:06.307Z [uploadje] info: GET /v1/app
2023-10-07T15:45:07.049Z [uploadje] info: GET /v1/me
2023-10-07T15:45:07.051Z [uploadje] info: GET /v1/app
2023-10-07T15:45:07.054Z [uploadje] info: GET /v1/me
2023-10-07T15:45:07.056Z [uploadje] info: GET /v1/image
2023-10-07T15:45:37.837Z [uploadje] info: GET /v1/app
2023-10-07T15:45:37.838Z [uploadje] info: GET /v1/me
2023-10-07T15:45:37.839Z [uploadje] info: GET /v1/image
2023-10-07T15:45:37.840Z [uploadje] info: GET /v1/me
2023-10-07T15:46:04.207Z [uploadje] info: GET /v1/me
2023-10-07T15:46:04.209Z [uploadje] info: GET /v1/app
2023-10-07T15:46:04.211Z [uploadje] info: GET /v1/me
2023-10-07T15:46:04.213Z [uploadje] info: GET /v1/image
2023-10-07T15:46:06.301Z [uploadje] info: GET /v1/app
2023-10-07T15:46:06.301Z [uploadje] info: GET /v1/image
2023-10-07T15:46:29.534Z [uploadje] info: POST /v1/auth/login
2023-10-07T15:46:29.649Z [uploadje] info: GET /v1/me
2023-10-07T15:46:29.656Z [uploadje] info: GET /v1/me
2023-10-07T15:46:29.691Z [uploadje] info: GET /v1/me
2023-10-07T15:46:29.692Z [uploadje] info: GET /v1/app
2023-10-07T15:46:30.648Z [uploadje] info: GET /v1/app
2023-10-07T15:46:30.649Z [uploadje] info: GET /v1/me
2023-10-07T15:46:32.188Z [uploadje] info: GET /v1/me
2023-10-07T15:46:32.191Z [uploadje] info: GET /v1/app
2023-10-07T15:46:32.192Z [uploadje] info: GET /v1/me
2023-10-07T15:46:32.195Z [uploadje] info: GET /v1/image
2023-10-07T15:46:42.567Z [uploadje] info: GET /v1/me
2023-10-07T15:46:42.568Z [uploadje] info: GET /v1/app
2023-10-07T15:46:42.569Z [uploadje] info: GET /v1/me
2023-10-07T15:46:42.569Z [uploadje] info: GET /v1/image
2023-10-07T15:46:44.099Z [uploadje] info: GET /v1/me
2023-10-07T15:46:44.100Z [uploadje] info: GET /v1/app
2023-10-07T15:46:44.100Z [uploadje] info: GET /v1/me
2023-10-07T15:46:44.101Z [uploadje] info: GET /v1/image
2023-10-07T15:46:50.709Z [uploadje] info: GET /v1/me
2023-10-07T15:46:50.710Z [uploadje] info: GET /v1/app
2023-10-07T15:46:50.711Z [uploadje] info: GET /v1/me
2023-10-07T15:46:50.712Z [uploadje] info: GET /v1/image
2023-10-07T15:46:51.799Z [uploadje] info: GET /v1/me
2023-10-07T15:46:51.800Z [uploadje] info: GET /v1/app
2023-10-07T15:46:51.801Z [uploadje] info: GET /v1/image
2023-10-07T15:46:51.801Z [uploadje] info: GET /v1/me
2023-10-07T15:47:04.736Z [uploadje] info: GET /v1/me
2023-10-07T15:47:04.738Z [uploadje] info: GET /v1/app
2023-10-07T15:47:04.748Z [uploadje] info: GET /v1/me
2023-10-07T15:47:04.750Z [uploadje] info: GET /v1/image
2023-10-07T15:47:05.936Z [uploadje] info: GET /v1/me
2023-10-07T15:47:05.937Z [uploadje] info: GET /v1/app
2023-10-07T15:47:05.937Z [uploadje] info: GET /v1/me
2023-10-07T15:47:05.938Z [uploadje] info: GET /v1/image
2023-10-07T15:47:17.775Z [uploadje] info: GET /v1/me
2023-10-07T15:47:17.777Z [uploadje] info: GET /v1/app
2023-10-07T15:47:17.778Z [uploadje] info: GET /v1/me
2023-10-07T15:47:17.779Z [uploadje] info: GET /v1/image
2023-10-07T15:47:18.969Z [uploadje] info: GET /v1/me
2023-10-07T15:47:18.970Z [uploadje] info: GET /v1/app
2023-10-07T15:47:18.971Z [uploadje] info: GET /v1/me
2023-10-07T15:47:18.971Z [uploadje] info: GET /v1/image
2023-10-07T15:47:23.224Z [uploadje] info: GET /v1/me
2023-10-07T15:47:23.225Z [uploadje] info: GET /v1/app
2023-10-07T15:47:23.226Z [uploadje] info: GET /v1/me
2023-10-07T15:47:23.227Z [uploadje] info: GET /v1/image
2023-10-07T15:47:37.047Z [uploadje] info: GET /v1/app
2023-10-07T15:47:37.049Z [uploadje] info: GET /v1/image
2023-10-07T15:47:38.385Z [uploadje] info: GET /v1/app
2023-10-07T15:47:38.386Z [uploadje] info: GET /v1/image
2023-10-07T15:47:38.390Z [uploadje] error: Application not authorized to upload or not exists
2023-10-07T15:47:47.365Z [uploadje] info: POST /v1/auth/login
2023-10-07T15:47:47.473Z [uploadje] info: GET /v1/me
2023-10-07T15:47:47.480Z [uploadje] info: GET /v1/me
2023-10-07T15:47:47.515Z [uploadje] info: GET /v1/me
2023-10-07T15:47:47.516Z [uploadje] info: GET /v1/app
2023-10-07T15:47:48.427Z [uploadje] info: GET /v1/me
2023-10-07T15:47:48.428Z [uploadje] info: GET /v1/app
2023-10-07T15:47:49.330Z [uploadje] info: GET /v1/me
2023-10-07T15:47:49.332Z [uploadje] info: GET /v1/app
2023-10-07T15:47:49.334Z [uploadje] info: GET /v1/me
2023-10-07T15:47:49.336Z [uploadje] info: GET /v1/image
2023-10-07T15:48:01.763Z [uploadje] info: GET /v1/me
2023-10-07T15:48:01.764Z [uploadje] info: GET /v1/app
2023-10-07T15:48:01.765Z [uploadje] info: GET /v1/me
2023-10-07T15:48:01.766Z [uploadje] info: GET /v1/image
2023-10-07T15:48:03.086Z [uploadje] info: GET /v1/me
2023-10-07T15:48:03.087Z [uploadje] info: GET /v1/app
2023-10-07T15:48:03.088Z [uploadje] info: GET /v1/me
2023-10-07T15:48:03.089Z [uploadje] info: GET /v1/image
2023-10-07T15:48:11.828Z [uploadje] info: GET /v1/me
2023-10-07T15:48:11.830Z [uploadje] info: GET /v1/app
2023-10-07T15:48:11.832Z [uploadje] info: GET /v1/me
2023-10-07T15:48:11.833Z [uploadje] info: GET /v1/image
2023-10-07T15:48:43.117Z [uploadje] info: GET /v1/me
2023-10-07T15:48:43.118Z [uploadje] info: GET /v1/app
2023-10-07T15:48:43.119Z [uploadje] info: GET /v1/me
2023-10-07T15:48:43.119Z [uploadje] info: GET /v1/image
2023-10-07T15:48:54.073Z [uploadje] info: GET /v1/app
2023-10-07T15:48:54.074Z [uploadje] info: GET /v1/image
2023-10-07T15:49:03.608Z [uploadje] info: POST /v1/auth/login
2023-10-07T15:49:03.703Z [uploadje] error: Incorrect password
2023-10-07T15:49:07.259Z [uploadje] info: POST /v1/auth/login
2023-10-07T15:49:07.372Z [uploadje] info: GET /v1/me
2023-10-07T15:49:07.380Z [uploadje] info: GET /v1/me
2023-10-07T15:49:07.416Z [uploadje] info: GET /v1/app
2023-10-07T15:49:07.417Z [uploadje] info: GET /v1/me
2023-10-07T15:49:08.371Z [uploadje] info: GET /v1/me
2023-10-07T15:49:08.373Z [uploadje] info: GET /v1/app
2023-10-07T15:49:09.517Z [uploadje] info: GET /v1/me
2023-10-07T15:49:09.520Z [uploadje] info: GET /v1/app
2023-10-07T15:49:09.522Z [uploadje] info: GET /v1/me
2023-10-07T15:49:09.523Z [uploadje] info: GET /v1/image
2023-10-07T15:49:27.905Z [uploadje] info: GET /v1/me
2023-10-07T15:49:27.907Z [uploadje] info: GET /v1/app
2023-10-07T15:49:27.909Z [uploadje] info: GET /v1/me
2023-10-07T15:49:27.910Z [uploadje] info: GET /v1/image
2023-10-07T15:49:50.028Z [uploadje] info: GET /v1/me
2023-10-07T15:49:50.033Z [uploadje] info: GET /v1/app
2023-10-07T15:49:50.036Z [uploadje] info: GET /v1/me
2023-10-07T15:49:50.037Z [uploadje] info: GET /v1/image
2023-10-07T15:49:51.307Z [uploadje] info: GET /v1/me
2023-10-07T15:49:51.309Z [uploadje] info: GET /v1/me
2023-10-07T15:49:51.312Z [uploadje] info: GET /v1/app
2023-10-07T15:49:51.312Z [uploadje] info: GET /v1/image
2023-10-07T15:49:55.280Z [uploadje] info: GET /v1/me
2023-10-07T15:49:55.286Z [uploadje] info: GET /v1/app
2023-10-07T15:49:55.287Z [uploadje] info: GET /v1/image
2023-10-07T15:49:55.288Z [uploadje] info: GET /v1/me
2023-10-07T15:49:56.425Z [uploadje] info: GET /v1/me
2023-10-07T15:49:56.426Z [uploadje] info: GET /v1/app
2023-10-07T15:49:56.427Z [uploadje] info: GET /v1/image
2023-10-07T15:49:56.427Z [uploadje] info: GET /v1/me
2023-10-07T15:50:04.483Z [uploadje] info: GET /v1/me
2023-10-07T15:50:04.486Z [uploadje] info: GET /v1/app
2023-10-07T15:50:04.487Z [uploadje] info: GET /v1/me
2023-10-07T15:50:04.487Z [uploadje] info: GET /v1/image
2023-10-07T15:50:08.930Z [uploadje] info: GET /v1/app
2023-10-07T15:50:08.931Z [uploadje] info: GET /v1/image
2023-10-07T15:50:29.056Z [uploadje] info: POST /v1/auth/login
2023-10-07T15:50:29.170Z [uploadje] info: GET /v1/me
2023-10-07T15:50:29.177Z [uploadje] info: GET /v1/me
2023-10-07T15:50:29.224Z [uploadje] info: GET /v1/app
2023-10-07T15:50:29.225Z [uploadje] info: GET /v1/me
2023-10-07T15:50:31.755Z [uploadje] info: GET /v1/me
2023-10-07T15:50:31.756Z [uploadje] info: GET /v1/app
2023-10-07T15:50:34.141Z [uploadje] info: GET /v1/me
2023-10-07T15:50:34.144Z [uploadje] info: GET /v1/app
2023-10-07T15:50:34.147Z [uploadje] info: GET /v1/me
2023-10-07T15:50:34.149Z [uploadje] info: GET /v1/image
2023-10-07T15:50:36.147Z [uploadje] info: GET /v1/me
2023-10-07T15:50:36.148Z [uploadje] info: GET /v1/image
2023-10-07T15:50:37.779Z [uploadje] info: GET /v1/me
2023-10-07T15:50:37.782Z [uploadje] info: GET /v1/image
2023-10-07T15:50:39.357Z [uploadje] info: GET /v1/me
2023-10-07T15:50:39.359Z [uploadje] info: GET /v1/image
2023-10-07T15:50:40.343Z [uploadje] info: GET /v1/me
2023-10-07T15:50:40.344Z [uploadje] info: GET /v1/image
2023-10-07T15:50:41.804Z [uploadje] info: GET /v1/me
2023-10-07T15:50:41.809Z [uploadje] info: GET /v1/image
2023-10-07T15:50:42.882Z [uploadje] info: GET /v1/me
2023-10-07T15:50:42.886Z [uploadje] info: GET /v1/image
2023-10-07T15:50:43.823Z [uploadje] info: GET /v1/me
2023-10-07T15:50:43.826Z [uploadje] info: GET /v1/image
2023-10-07T15:50:45.169Z [uploadje] info: GET /v1/image
2023-10-07T15:50:45.170Z [uploadje] info: GET /v1/me
2023-10-07T15:50:46.450Z [uploadje] info: GET /v1/me
2023-10-07T15:50:46.454Z [uploadje] info: GET /v1/image
2023-10-07T15:50:47.612Z [uploadje] info: GET /v1/me
2023-10-07T15:50:47.615Z [uploadje] info: GET /v1/image
2023-10-07T15:50:48.535Z [uploadje] info: GET /v1/me
2023-10-07T15:50:48.538Z [uploadje] info: GET /v1/image
2023-10-07T15:50:50.530Z [uploadje] info: GET /v1/me
2023-10-07T15:50:50.532Z [uploadje] info: GET /v1/image
2023-10-07T15:51:16.359Z [uploadje] info: GET /v1/me
2023-10-07T15:51:16.360Z [uploadje] info: GET /v1/app
2023-10-07T15:51:16.361Z [uploadje] info: GET /v1/me
2023-10-07T15:51:16.362Z [uploadje] info: GET /v1/image
2023-10-07T15:51:17.969Z [uploadje] info: GET /v1/me
2023-10-07T15:51:17.970Z [uploadje] info: GET /v1/app
2023-10-07T15:51:17.970Z [uploadje] info: GET /v1/me
2023-10-07T15:51:17.971Z [uploadje] info: GET /v1/image
2023-10-07T15:51:34.440Z [uploadje] info: GET /v1/app
2023-10-07T15:51:34.441Z [uploadje] info: GET /v1/image
2023-10-07T15:51:40.569Z [uploadje] info: POST /v1/auth/login
2023-10-07T15:51:40.656Z [uploadje] info: GET /v1/me
2023-10-07T15:51:40.663Z [uploadje] info: GET /v1/me
2023-10-07T15:51:40.700Z [uploadje] info: GET /v1/me
2023-10-07T15:51:40.701Z [uploadje] info: GET /v1/app
2023-10-07T15:51:41.941Z [uploadje] info: GET /v1/me
2023-10-07T15:51:41.942Z [uploadje] info: GET /v1/app
2023-10-07T15:51:43.252Z [uploadje] info: GET /v1/me
2023-10-07T15:51:43.255Z [uploadje] info: GET /v1/me
2023-10-07T15:51:43.258Z [uploadje] info: GET /v1/image
2023-10-07T15:51:43.259Z [uploadje] info: GET /v1/app
2023-10-07T15:52:47.360Z [uploadje] info: GET /v1/app
2023-10-07T15:52:47.363Z [uploadje] info: GET /v1/image
2023-10-07T15:52:53.455Z [uploadje] info: POST /v1/auth/login
2023-10-07T15:52:53.546Z [uploadje] info: GET /v1/me
2023-10-07T15:52:53.555Z [uploadje] info: GET /v1/me
2023-10-07T15:52:53.591Z [uploadje] info: GET /v1/me
2023-10-07T15:52:53.592Z [uploadje] info: GET /v1/app
2023-10-07T15:52:54.373Z [uploadje] info: GET /v1/me
2023-10-07T15:52:54.374Z [uploadje] info: GET /v1/app
2023-10-07T15:52:55.330Z [uploadje] info: GET /v1/me
2023-10-07T15:52:55.333Z [uploadje] info: GET /v1/app
2023-10-07T15:52:55.335Z [uploadje] info: GET /v1/me
2023-10-07T15:52:55.338Z [uploadje] info: GET /v1/image
2023-10-07T15:53:17.910Z [uploadje] info: GET /v1/app
2023-10-07T15:53:17.911Z [uploadje] info: GET /v1/me
2023-10-07T15:53:17.912Z [uploadje] info: GET /v1/me
2023-10-07T15:53:17.912Z [uploadje] info: GET /v1/image
2023-10-07T15:53:29.250Z [uploadje] info: GET /v1/image
2023-10-07T15:53:29.250Z [uploadje] info: GET /v1/me
2023-10-07T15:53:29.251Z [uploadje] info: GET /v1/app
2023-10-07T15:53:29.252Z [uploadje] info: GET /v1/me
2023-10-07T15:53:33.753Z [uploadje] info: POST /v1/image
2023-10-07T15:53:33.996Z [uploadje] info: Image inserted successfully: https://stagingfs.uploadje.com/st3ssm5h7cs1sv28i1wyte8u_Frame 119-1.jpg
2023-10-07T15:53:33.996Z [uploadje] info: Image created by gtbhx38fkkiymrf89k2hk03v
2023-10-07T15:53:35.135Z [uploadje] info: GET /v1/me
2023-10-07T15:53:35.139Z [uploadje] info: GET /v1/app
2023-10-07T15:53:35.142Z [uploadje] info: GET /v1/me
2023-10-07T15:53:35.144Z [uploadje] info: GET /v1/image
2023-10-07T15:53:38.517Z [uploadje] info: GET /v1/me
2023-10-07T15:53:38.519Z [uploadje] info: GET /v1/app
2023-10-07T15:53:38.532Z [uploadje] info: GET /v1/me
2023-10-07T15:53:38.533Z [uploadje] info: GET /v1/image
2023-10-07T15:53:40.239Z [uploadje] info: GET /v1/me
2023-10-07T15:53:40.242Z [uploadje] info: GET /v1/app
2023-10-07T15:53:40.244Z [uploadje] info: GET /v1/me
2023-10-07T15:53:40.246Z [uploadje] info: GET /v1/image
2023-10-07T15:53:56.072Z [uploadje] info: GET /v1/app
2023-10-07T15:53:56.073Z [uploadje] info: GET /v1/image
2023-10-07T15:54:10.937Z [uploadje] info: POST /v1/auth/login
2023-10-07T15:54:11.049Z [uploadje] info: GET /v1/me
2023-10-07T15:54:11.054Z [uploadje] info: GET /v1/me
2023-10-07T15:54:11.094Z [uploadje] info: GET /v1/app
2023-10-07T15:54:11.095Z [uploadje] info: GET /v1/me
2023-10-07T15:54:12.336Z [uploadje] info: GET /v1/me
2023-10-07T15:54:12.340Z [uploadje] info: GET /v1/app
2023-10-07T15:54:13.932Z [uploadje] info: GET /v1/me
2023-10-07T15:54:13.935Z [uploadje] info: GET /v1/app
2023-10-07T15:54:13.949Z [uploadje] info: GET /v1/me
2023-10-07T15:54:13.950Z [uploadje] info: GET /v1/image
2023-10-07T15:54:36.660Z [uploadje] info: GET /v1/me
2023-10-07T15:54:36.661Z [uploadje] info: GET /v1/app
2023-10-07T15:54:36.662Z [uploadje] info: GET /v1/me
2023-10-07T15:54:36.662Z [uploadje] info: GET /v1/image
2023-10-07T15:54:53.286Z [uploadje] info: GET /v1/me
2023-10-07T15:54:53.287Z [uploadje] info: GET /v1/app
2023-10-07T15:54:53.289Z [uploadje] info: GET /v1/image
2023-10-07T15:54:53.291Z [uploadje] info: GET /v1/me
2023-10-07T15:54:54.778Z [uploadje] info: GET /v1/me
2023-10-07T15:54:54.779Z [uploadje] info: GET /v1/app
2023-10-07T15:54:54.779Z [uploadje] info: GET /v1/me
2023-10-07T15:54:54.780Z [uploadje] info: GET /v1/image
2023-10-07T15:55:37.672Z [uploadje] info: GET /v1/app
2023-10-07T15:55:37.674Z [uploadje] info: GET /v1/image
2023-10-07T15:55:47.968Z [uploadje] info: POST /v1/auth/login
2023-10-07T15:55:48.083Z [uploadje] info: GET /v1/me
2023-10-07T15:55:48.091Z [uploadje] info: GET /v1/me
2023-10-07T15:55:48.139Z [uploadje] info: GET /v1/me
2023-10-07T15:55:48.141Z [uploadje] info: GET /v1/app
2023-10-07T15:55:49.155Z [uploadje] info: GET /v1/me
2023-10-07T15:55:49.156Z [uploadje] info: GET /v1/app
2023-10-07T15:55:50.490Z [uploadje] info: GET /v1/me
2023-10-07T15:55:50.492Z [uploadje] info: GET /v1/app
2023-10-07T15:55:50.498Z [uploadje] info: GET /v1/me
2023-10-07T15:55:50.499Z [uploadje] info: GET /v1/image
2023-10-07T15:56:20.869Z [uploadje] info: GET /v1/me
2023-10-07T15:56:20.872Z [uploadje] info: GET /v1/me
2023-10-07T15:56:20.873Z [uploadje] info: GET /v1/image
2023-10-07T15:56:20.874Z [uploadje] info: GET /v1/app
2023-10-07T15:56:22.429Z [uploadje] info: GET /v1/app
2023-10-07T15:56:22.430Z [uploadje] info: GET /v1/me
2023-10-07T15:56:22.431Z [uploadje] info: GET /v1/image
2023-10-07T15:56:22.431Z [uploadje] info: GET /v1/me
2023-10-07T15:56:47.645Z [uploadje] info: GET /v1/me
2023-10-07T15:56:47.646Z [uploadje] info: GET /v1/app
2023-10-07T15:56:47.647Z [uploadje] info: GET /v1/me
2023-10-07T15:56:47.647Z [uploadje] info: GET /v1/image
2023-10-07T15:57:20.457Z [uploadje] info: GET /v1/app
2023-10-07T15:57:20.459Z [uploadje] info: GET /v1/image
2023-10-07T15:57:35.844Z [uploadje] info: POST /v1/auth/login
2023-10-07T15:57:35.956Z [uploadje] info: GET /v1/me
2023-10-07T15:57:35.961Z [uploadje] info: GET /v1/me
2023-10-07T15:57:36.005Z [uploadje] info: GET /v1/me
2023-10-07T15:57:36.006Z [uploadje] info: GET /v1/app
2023-10-07T15:57:38.010Z [uploadje] info: GET /v1/me
2023-10-07T15:57:38.013Z [uploadje] info: GET /v1/app
2023-10-07T15:57:53.288Z [uploadje] info: GET /v1/me
2023-10-07T15:57:53.290Z [uploadje] info: GET /v1/app
2023-10-07T15:58:02.312Z [uploadje] info: GET /v1/me
2023-10-07T15:58:02.331Z [uploadje] info: GET /v1/me
2023-10-07T15:58:02.526Z [uploadje] info: GET /v1/me
2023-10-07T15:58:02.527Z [uploadje] info: GET /v1/app
2023-10-07T15:58:09.313Z [uploadje] info: GET /v1/me
2023-10-07T15:58:09.333Z [uploadje] info: GET /v1/me
2023-10-07T15:58:09.522Z [uploadje] info: GET /v1/me
2023-10-07T15:58:09.523Z [uploadje] info: GET /v1/app
2023-10-07T15:58:10.202Z [uploadje] info: GET /v1/me
2023-10-07T15:58:10.222Z [uploadje] info: GET /v1/me
2023-10-07T15:58:10.418Z [uploadje] info: GET /v1/me
2023-10-07T15:58:10.419Z [uploadje] info: GET /v1/app
2023-10-07T15:58:21.115Z [uploadje] info: GET /v1/me
2023-10-07T15:58:21.116Z [uploadje] info: GET /v1/app
2023-10-07T15:58:21.748Z [uploadje] info: GET /v1/me
2023-10-07T15:58:21.766Z [uploadje] info: GET /v1/me
2023-10-07T15:58:21.989Z [uploadje] info: GET /v1/me
2023-10-07T15:58:21.991Z [uploadje] info: GET /v1/app
2023-10-07T15:58:24.307Z [uploadje] info: GET /v1/me
2023-10-07T15:58:24.317Z [uploadje] info: GET /v1/app
2023-10-07T15:58:26.090Z [uploadje] info: GET /v1/me
2023-10-07T15:58:26.096Z [uploadje] info: GET /v1/me
2023-10-07T15:58:26.323Z [uploadje] info: GET /v1/app
2023-10-07T15:58:26.323Z [uploadje] info: GET /v1/me
2023-10-07T15:58:27.460Z [uploadje] info: GET /v1/me
2023-10-07T15:58:27.472Z [uploadje] info: GET /v1/app
2023-10-07T15:58:27.477Z [uploadje] info: GET /v1/me
2023-10-07T15:58:27.478Z [uploadje] info: GET /v1/image
2023-10-07T15:58:28.690Z [uploadje] info: GET /v1/me
2023-10-07T15:58:28.693Z [uploadje] info: GET /v1/app
2023-10-07T15:58:28.693Z [uploadje] info: GET /v1/me
2023-10-07T15:58:28.694Z [uploadje] info: GET /v1/image
2023-10-07T15:58:30.011Z [uploadje] info: GET /v1/me
2023-10-07T15:58:30.015Z [uploadje] info: GET /v1/app
2023-10-07T15:58:30.021Z [uploadje] info: GET /v1/me
2023-10-07T15:58:30.022Z [uploadje] info: GET /v1/image
2023-10-07T15:58:54.384Z [uploadje] info: GET /v1/app
2023-10-07T15:59:03.420Z [uploadje] info: POST /v1/auth/login
2023-10-07T15:59:03.534Z [uploadje] info: GET /v1/me
2023-10-07T15:59:03.540Z [uploadje] info: GET /v1/me
2023-10-07T15:59:03.575Z [uploadje] info: GET /v1/me
2023-10-07T15:59:03.576Z [uploadje] info: GET /v1/app
2023-10-07T15:59:46.104Z [uploadje] info: GET /v1/me
2023-10-07T15:59:46.107Z [uploadje] info: GET /v1/app
2023-10-07T16:01:00.161Z [uploadje] info: GET /v1/app
2023-10-07T16:01:03.372Z [uploadje] info: GET /v1/app
2023-10-07T16:01:09.516Z [uploadje] info: POST /v1/auth/login
2023-10-07T16:01:09.639Z [uploadje] info: GET /v1/me
2023-10-07T16:01:09.647Z [uploadje] info: GET /v1/me
2023-10-07T16:01:09.682Z [uploadje] info: GET /v1/app
2023-10-07T16:01:09.683Z [uploadje] info: GET /v1/me
2023-10-07T16:01:10.681Z [uploadje] info: GET /v1/me
2023-10-07T16:01:10.682Z [uploadje] info: GET /v1/app
2023-10-07T16:01:12.019Z [uploadje] info: GET /v1/me
2023-10-07T16:01:12.022Z [uploadje] info: GET /v1/app
2023-10-07T16:01:12.024Z [uploadje] info: GET /v1/me
2023-10-07T16:01:12.027Z [uploadje] info: GET /v1/image
2023-10-07T16:01:15.136Z [uploadje] info: GET /v1/me
2023-10-07T16:01:15.138Z [uploadje] info: GET /v1/app
2023-10-07T16:01:15.139Z [uploadje] info: GET /v1/image
2023-10-07T16:01:15.140Z [uploadje] info: GET /v1/me
2023-10-07T16:01:28.070Z [uploadje] info: GET /v1/me
2023-10-07T16:01:28.073Z [uploadje] info: GET /v1/app
2023-10-07T16:01:28.075Z [uploadje] info: GET /v1/me
2023-10-07T16:01:28.076Z [uploadje] info: GET /v1/image
2023-10-07T16:01:29.332Z [uploadje] info: GET /v1/app
2023-10-07T16:01:29.333Z [uploadje] info: GET /v1/me
2023-10-07T16:01:29.334Z [uploadje] info: GET /v1/me
2023-10-07T16:01:29.334Z [uploadje] info: GET /v1/image
2023-10-07T16:01:30.733Z [uploadje] info: GET /v1/me
2023-10-07T16:01:30.740Z [uploadje] info: GET /v1/app
2023-10-07T16:01:30.745Z [uploadje] info: GET /v1/me
2023-10-07T16:01:30.750Z [uploadje] info: GET /v1/image
2023-10-07T16:01:31.306Z [uploadje] info: GET /v1/me
2023-10-07T16:01:31.323Z [uploadje] info: GET /v1/me
2023-10-07T16:01:31.568Z [uploadje] info: GET /v1/me
2023-10-07T16:01:31.569Z [uploadje] info: GET /v1/app
2023-10-07T16:01:31.583Z [uploadje] info: GET /v1/me
2023-10-07T16:01:31.584Z [uploadje] info: GET /v1/image
2023-10-07T16:02:33.477Z [uploadje] info: GET /v1/app
2023-10-07T16:02:33.478Z [uploadje] info: GET /v1/image
2023-10-07T16:02:40.354Z [uploadje] info: POST /v1/auth/login
2023-10-07T16:02:40.463Z [uploadje] info: GET /v1/me
2023-10-07T16:02:40.468Z [uploadje] info: GET /v1/me
2023-10-07T16:02:40.504Z [uploadje] info: GET /v1/me
2023-10-07T16:02:40.505Z [uploadje] info: GET /v1/app
2023-10-07T16:02:41.477Z [uploadje] info: GET /v1/me
2023-10-07T16:02:41.478Z [uploadje] info: GET /v1/app
2023-10-07T16:02:42.600Z [uploadje] info: GET /v1/me
2023-10-07T16:02:42.602Z [uploadje] info: GET /v1/app
2023-10-07T16:02:42.604Z [uploadje] info: GET /v1/me
2023-10-07T16:02:42.607Z [uploadje] info: GET /v1/image
2023-10-07T16:02:59.369Z [uploadje] info: GET /v1/me
2023-10-07T16:02:59.380Z [uploadje] info: GET /v1/app
2023-10-07T16:02:59.382Z [uploadje] info: GET /v1/me
2023-10-07T16:02:59.382Z [uploadje] info: GET /v1/image
2023-10-07T16:03:02.831Z [uploadje] info: GET /v1/me
2023-10-07T16:03:02.833Z [uploadje] info: GET /v1/app
2023-10-07T16:03:02.835Z [uploadje] info: GET /v1/me
2023-10-07T16:03:02.838Z [uploadje] info: GET /v1/image
2023-10-07T16:03:04.539Z [uploadje] info: GET /v1/app
2023-10-07T16:03:04.540Z [uploadje] info: GET /v1/me
2023-10-07T16:03:04.540Z [uploadje] info: GET /v1/me
2023-10-07T16:03:04.541Z [uploadje] info: GET /v1/image
2023-10-07T16:03:07.372Z [uploadje] info: GET /v1/me
2023-10-07T16:03:07.375Z [uploadje] info: GET /v1/app
2023-10-07T16:03:07.378Z [uploadje] info: GET /v1/me
2023-10-07T16:03:07.381Z [uploadje] info: GET /v1/image
2023-10-07T16:03:16.254Z [uploadje] info: GET /v1/me
2023-10-07T16:03:16.255Z [uploadje] info: GET /v1/me
2023-10-07T16:03:16.256Z [uploadje] info: GET /v1/app
2023-10-07T16:03:16.256Z [uploadje] info: GET /v1/image
2023-10-07T16:03:18.270Z [uploadje] info: GET /v1/me
2023-10-07T16:03:18.276Z [uploadje] info: GET /v1/app
2023-10-07T16:03:18.280Z [uploadje] info: GET /v1/me
2023-10-07T16:03:18.284Z [uploadje] info: GET /v1/image
2023-10-07T16:04:43.477Z [uploadje] info: GET /v1/app
2023-10-07T16:05:45.918Z [uploadje] info: POST /v1/auth/login
2023-10-07T16:05:46.022Z [uploadje] info: GET /v1/me
2023-10-07T16:05:46.030Z [uploadje] info: GET /v1/me
2023-10-07T16:05:46.062Z [uploadje] info: GET /v1/app
2023-10-07T16:05:46.062Z [uploadje] info: GET /v1/me
2023-10-07T16:05:46.996Z [uploadje] info: GET /v1/me
2023-10-07T16:05:46.997Z [uploadje] info: GET /v1/app
2023-10-07T16:05:48.123Z [uploadje] info: GET /v1/me
2023-10-07T16:05:48.126Z [uploadje] info: GET /v1/app
2023-10-07T16:05:48.127Z [uploadje] info: GET /v1/me
2023-10-07T16:05:48.129Z [uploadje] info: GET /v1/image
2023-10-07T16:05:53.284Z [uploadje] info: GET /v1/me
2023-10-07T16:05:53.287Z [uploadje] info: GET /v1/image
2023-10-07T16:05:55.066Z [uploadje] info: GET /v1/me
2023-10-07T16:05:55.069Z [uploadje] info: GET /v1/image
2023-10-07T16:06:38.343Z [uploadje] info: GET /v1/app
2023-10-07T16:06:38.344Z [uploadje] info: GET /v1/me
2023-10-07T16:06:38.345Z [uploadje] info: GET /v1/me
2023-10-07T16:06:38.345Z [uploadje] info: GET /v1/image
2023-10-07T16:06:39.543Z [uploadje] info: GET /v1/me
2023-10-07T16:06:39.544Z [uploadje] info: GET /v1/app
2023-10-07T16:06:39.545Z [uploadje] info: GET /v1/me
2023-10-07T16:06:39.545Z [uploadje] info: GET /v1/image
2023-10-07T16:07:11.402Z [uploadje] info: GET /v1/app
2023-10-07T16:07:11.403Z [uploadje] info: GET /v1/image
2023-10-07T16:07:17.111Z [uploadje] info: POST /v1/auth/login
2023-10-07T16:07:17.249Z [uploadje] info: GET /v1/me
2023-10-07T16:07:17.257Z [uploadje] info: GET /v1/me
2023-10-07T16:07:17.302Z [uploadje] info: GET /v1/me
2023-10-07T16:07:17.303Z [uploadje] info: GET /v1/app
2023-10-07T16:07:44.859Z [uploadje] info: GET /v1/me
2023-10-07T16:07:44.860Z [uploadje] info: GET /v1/app
2023-10-07T16:07:45.904Z [uploadje] info: GET /v1/me
2023-10-07T16:07:45.905Z [uploadje] info: GET /v1/app
2023-10-07T16:08:42.844Z [uploadje] info: GET /v1/app
2023-10-07T16:08:44.249Z [uploadje] info: GET /v1/app
2023-10-07T16:08:52.804Z [uploadje] info: POST /v1/auth/login
2023-10-07T16:08:52.906Z [uploadje] info: GET /v1/me
2023-10-07T16:08:52.913Z [uploadje] info: GET /v1/me
2023-10-07T16:08:52.935Z [uploadje] info: GET /v1/app
2023-10-07T16:08:52.936Z [uploadje] info: GET /v1/me
2023-10-07T16:08:55.786Z [uploadje] info: GET /v1/me
2023-10-07T16:08:55.788Z [uploadje] info: GET /v1/app
2023-10-07T16:08:57.164Z [uploadje] info: GET /v1/me
2023-10-07T16:08:57.167Z [uploadje] info: GET /v1/app
2023-10-07T16:08:57.169Z [uploadje] info: GET /v1/me
2023-10-07T16:08:57.170Z [uploadje] info: GET /v1/image
2023-10-07T16:12:45.276Z [uploadje] info: GET /v1/app
2023-10-07T16:12:45.284Z [uploadje] info: GET /v1/image
2023-10-07T16:13:03.137Z [uploadje] info: POST /v1/auth/login
2023-10-07T16:13:03.243Z [uploadje] info: GET /v1/me
2023-10-07T16:13:03.250Z [uploadje] info: GET /v1/me
2023-10-07T16:13:03.280Z [uploadje] info: GET /v1/me
2023-10-07T16:13:03.281Z [uploadje] info: GET /v1/app
2023-10-07T16:13:04.158Z [uploadje] info: GET /v1/me
2023-10-07T16:13:04.159Z [uploadje] info: GET /v1/app
2023-10-07T16:13:05.632Z [uploadje] info: GET /v1/me
2023-10-07T16:13:05.634Z [uploadje] info: GET /v1/app
2023-10-07T16:13:05.637Z [uploadje] info: GET /v1/me
2023-10-07T16:13:05.638Z [uploadje] info: GET /v1/image
2023-10-07T16:13:07.437Z [uploadje] info: GET /v1/me
2023-10-07T16:13:07.443Z [uploadje] info: GET /v1/image
2023-10-07T16:13:08.980Z [uploadje] info: GET /v1/me
2023-10-07T16:13:08.985Z [uploadje] info: GET /v1/image
2023-10-07T16:13:14.947Z [uploadje] info: GET /v1/me
2023-10-07T16:13:14.962Z [uploadje] info: GET /v1/me
2023-10-07T16:13:16.784Z [uploadje] info: GET /v1/me
2023-10-07T16:13:16.786Z [uploadje] info: GET /v1/app
2023-10-07T16:13:16.792Z [uploadje] info: GET /v1/me
2023-10-07T16:13:16.794Z [uploadje] info: GET /v1/image
2023-10-07T16:13:24.018Z [uploadje] info: GET /v1/me
2023-10-07T16:13:24.020Z [uploadje] info: GET /v1/app
2023-10-07T16:13:24.026Z [uploadje] info: GET /v1/me
2023-10-07T16:13:24.027Z [uploadje] info: GET /v1/image
2023-10-07T16:13:44.931Z [uploadje] info: GET /v1/me
2023-10-07T16:13:44.932Z [uploadje] info: GET /v1/image
2023-10-07T16:13:44.933Z [uploadje] info: GET /v1/app
2023-10-07T16:13:44.934Z [uploadje] info: GET /v1/me
2023-10-07T16:13:46.103Z [uploadje] info: GET /v1/me
2023-10-07T16:13:46.104Z [uploadje] info: GET /v1/app
2023-10-07T16:13:46.105Z [uploadje] info: GET /v1/me
2023-10-07T16:13:46.105Z [uploadje] info: GET /v1/image
2023-10-07T16:14:11.109Z [uploadje] info: GET /v1/app
2023-10-07T16:14:11.117Z [uploadje] info: GET /v1/image
2023-10-07T16:14:12.485Z [uploadje] info: GET /v1/app
2023-10-07T16:14:20.165Z [uploadje] info: POST /v1/auth/login
2023-10-07T16:14:20.259Z [uploadje] info: GET /v1/me
2023-10-07T16:14:20.268Z [uploadje] info: GET /v1/me
2023-10-07T16:14:20.297Z [uploadje] info: GET /v1/app
2023-10-07T16:14:20.298Z [uploadje] info: GET /v1/me
2023-10-07T16:14:35.310Z [uploadje] info: GET /v1/me
2023-10-07T16:14:35.314Z [uploadje] info: GET /v1/app
2023-10-07T16:14:36.473Z [uploadje] info: GET /v1/app
2023-10-07T16:14:36.474Z [uploadje] info: GET /v1/me
2023-10-07T16:14:46.327Z [uploadje] info: GET /v1/me
2023-10-07T16:14:46.338Z [uploadje] info: GET /v1/app
2023-10-07T16:14:47.487Z [uploadje] info: GET /v1/app
2023-10-07T16:14:47.487Z [uploadje] info: GET /v1/me
2023-10-07T16:14:50.611Z [uploadje] info: GET /v1/me
2023-10-07T16:14:50.614Z [uploadje] info: GET /v1/app
2023-10-07T16:14:51.726Z [uploadje] info: GET /v1/me
2023-10-07T16:14:51.728Z [uploadje] info: GET /v1/app
2023-10-07T16:14:52.489Z [uploadje] info: GET /v1/me
2023-10-07T16:14:52.490Z [uploadje] info: GET /v1/app
2023-10-07T16:14:53.408Z [uploadje] info: GET /v1/me
2023-10-07T16:14:53.409Z [uploadje] info: GET /v1/app
2023-10-07T16:14:53.410Z [uploadje] info: GET /v1/image
2023-10-07T16:14:53.410Z [uploadje] info: GET /v1/me
2023-10-07T16:14:54.737Z [uploadje] info: GET /v1/me
2023-10-07T16:14:54.740Z [uploadje] info: GET /v1/app
2023-10-07T16:14:58.026Z [uploadje] info: GET /v1/me
2023-10-07T16:14:58.028Z [uploadje] info: GET /v1/app
2023-10-07T16:14:59.861Z [uploadje] info: GET /v1/me
2023-10-07T16:14:59.864Z [uploadje] info: GET /v1/app
2023-10-07T16:15:00.421Z [uploadje] info: GET /v1/me
2023-10-07T16:15:00.423Z [uploadje] info: GET /v1/app
2023-10-07T16:15:01.616Z [uploadje] info: GET /v1/me
2023-10-07T16:15:01.619Z [uploadje] info: GET /v1/app
2023-10-07T16:15:02.275Z [uploadje] info: GET /v1/me
2023-10-07T16:15:02.278Z [uploadje] info: GET /v1/app
2023-10-07T16:15:07.918Z [uploadje] info: GET /v1/me
2023-10-07T16:15:07.919Z [uploadje] info: GET /v1/app
2023-10-07T16:15:07.921Z [uploadje] info: GET /v1/me
2023-10-07T16:15:07.921Z [uploadje] info: GET /v1/image
2023-10-07T16:15:09.252Z [uploadje] info: GET /v1/me
2023-10-07T16:15:09.253Z [uploadje] info: GET /v1/image
2023-10-07T16:15:14.379Z [uploadje] info: GET /v1/me
2023-10-07T16:15:14.383Z [uploadje] info: GET /v1/image
2023-10-07T16:15:17.384Z [uploadje] info: GET /v1/me
2023-10-07T16:15:17.385Z [uploadje] info: GET /v1/image
2023-10-07T16:15:33.209Z [uploadje] info: GET /v1/app
2023-10-07T16:15:33.214Z [uploadje] info: GET /v1/image
2023-10-07T16:15:34.326Z [uploadje] info: GET /v1/app
2023-10-07T16:15:34.926Z [uploadje] info: GET /v1/app
2023-10-07T16:15:44.707Z [uploadje] info: POST /v1/auth/login
2023-10-07T16:15:44.815Z [uploadje] info: GET /v1/me
2023-10-07T16:15:44.820Z [uploadje] info: GET /v1/me
2023-10-07T16:15:44.842Z [uploadje] info: GET /v1/app
2023-10-07T16:15:44.843Z [uploadje] info: GET /v1/me
2023-10-07T16:15:47.009Z [uploadje] info: GET /v1/me
2023-10-07T16:15:47.011Z [uploadje] info: GET /v1/app
2023-10-07T16:15:49.184Z [uploadje] info: GET /v1/me
2023-10-07T16:15:49.202Z [uploadje] info: GET /v1/me
2023-10-07T16:15:49.696Z [uploadje] info: GET /v1/me
2023-10-07T16:15:49.699Z [uploadje] info: GET /v1/app
2023-10-07T16:15:49.701Z [uploadje] info: GET /v1/me
2023-10-07T16:15:49.707Z [uploadje] info: GET /v1/image
2023-10-07T16:15:59.141Z [uploadje] info: GET /v1/me
2023-10-07T16:15:59.144Z [uploadje] info: GET /v1/image
2023-10-07T16:16:00.215Z [uploadje] info: GET /v1/image
2023-10-07T16:16:00.215Z [uploadje] info: GET /v1/me
2023-10-07T16:16:02.684Z [uploadje] info: GET /v1/me
2023-10-07T16:16:02.686Z [uploadje] info: GET /v1/app
2023-10-07T16:16:20.293Z [uploadje] info: GET /v1/app
2023-10-07T16:16:20.294Z [uploadje] info: GET /v1/me
2023-10-07T16:16:44.479Z [uploadje] info: GET /v1/me
2023-10-07T16:16:44.484Z [uploadje] info: GET /v1/app
2023-10-07T16:16:45.515Z [uploadje] info: GET /v1/app
2023-10-07T16:16:53.899Z [uploadje] info: POST /v1/auth/login
2023-10-07T16:16:53.999Z [uploadje] info: GET /v1/me
2023-10-07T16:16:54.005Z [uploadje] info: GET /v1/me
2023-10-07T16:16:54.023Z [uploadje] info: GET /v1/me
2023-10-07T16:16:54.028Z [uploadje] info: GET /v1/app
2023-10-07T16:16:59.460Z [uploadje] info: GET /v1/me
2023-10-07T16:16:59.464Z [uploadje] info: GET /v1/app
2023-10-07T16:17:08.790Z [uploadje] info: GET /v1/me
2023-10-07T16:17:08.791Z [uploadje] info: GET /v1/app
2023-10-07T16:17:10.040Z [uploadje] info: GET /v1/app
2023-10-07T16:17:10.041Z [uploadje] info: GET /v1/me
2023-10-07T16:17:31.718Z [uploadje] info: GET /v1/me
2023-10-07T16:17:31.741Z [uploadje] info: GET /v1/me
2023-10-07T16:17:31.746Z [uploadje] info: GET /v1/me
2023-10-07T16:17:31.761Z [uploadje] info: GET /v1/app
2023-10-07T16:17:31.762Z [uploadje] info: GET /v1/me
2023-10-07T16:17:37.826Z [uploadje] info: GET /v1/me
2023-10-07T16:17:37.828Z [uploadje] info: GET /v1/app
2023-10-07T16:17:40.030Z [uploadje] info: GET /v1/me
2023-10-07T16:17:40.051Z [uploadje] info: GET /v1/me
2023-10-07T16:17:40.168Z [uploadje] info: GET /v1/me
2023-10-07T16:17:40.168Z [uploadje] info: GET /v1/app
